#
# There is insufficient memory for the Java Runtime Environment to continue.
# Native memory allocation (mmap) failed to map 266338304 bytes for G1 virtual space
# Possible reasons:
#   The system is out of physical RAM or swap space
#   The process is running with CompressedOops enabled, and the Java Heap may be blocking the growth of the native heap
# Possible solutions:
#   Reduce memory load on the system
#   Increase physical memory or swap space
#   Check if swap backing store is full
#   Decrease Java heap size (-Xmx/-Xms)
#   Decrease number of Java threads
#   Decrease Java thread stack sizes (-Xss)
#   Set larger code cache with -XX:ReservedCodeCacheSize=
#   JVM is running with Zero Based Compressed Oops mode in which the Java heap is
#     placed in the first 32GB address space. The Java Heap base address is the
#     maximum limit for the native heap growth. Please use -XX:HeapBaseMinAddress
#     to set the Java Heap base and to place the Java Heap above 32GB virtual address.
# This output file may be truncated or incomplete.
#
#  Out of Memory Error (os_windows.cpp:3550), pid=3244, tid=15288
#
# JRE version:  (17.0.6+9) (build )
# Java VM: Java HotSpot(TM) 64-Bit Server VM (17.0.6+9-LTS-190, mixed mode, sharing, tiered, compressed oops, compressed class ptrs, g1 gc, windows-amd64)
# No core dump will be written. Minidumps are not enabled by default on client versions of Windows
#

---------------  S U M M A R Y ------------

Command Line: -Dmaven.multiModuleProjectDirectory=C:\Users\ouarg\Downloads\packet_inspection\pkt_inspection -Djansi.passthrough=true -Dmaven.home=C:\Users\ouarg\.m2\wrapper\dists\apache-maven-3.8.5-bin\5i5jha092a3i37g0paqnfr15e0\apache-maven-3.8.5 -Dclassworlds.conf=C:\Users\ouarg\.m2\wrapper\dists\apache-maven-3.8.5-bin\5i5jha092a3i37g0paqnfr15e0\apache-maven-3.8.5\bin\m2.conf -Dmaven.ext.class.path=C:\Program Files\JetBrains\IntelliJ IDEA Community Edition 2024.3.1\plugins\maven\lib\maven-event-listener.jar -javaagent:C:\Program Files\JetBrains\IntelliJ IDEA Community Edition 2024.3.1\lib\idea_rt.jar=51669:C:\Program Files\JetBrains\IntelliJ IDEA Community Edition 2024.3.1\bin -Dfile.encoding=UTF-8 org.codehaus.classworlds.Launcher -Didea.version=2024.3.1 clean install

Host: 11th Gen Intel(R) Core(TM) i5-11400H @ 2.70GHz, 12 cores, 15G,  Windows 11 , 64 bit Build 26100 (10.0.26100.2454)
Time: Wed Jan  8 02:10:26 2025 Morocco Daylight Time elapsed time: 1.057440 seconds (0d 0h 0m 1s)

---------------  T H R E A D  ---------------

Current thread (0x000001e7b03d8940):  JavaThread "Unknown thread" [_thread_in_vm, id=15288, stack(0x0000003ee6500000,0x0000003ee6600000)]

Stack: [0x0000003ee6500000,0x0000003ee6600000]
Native frames: (J=compiled Java code, j=interpreted, Vv=VM code, C=native code)
V  [jvm.dll+0x6734ea]
V  [jvm.dll+0x7d18f4]
V  [jvm.dll+0x7d309e]
V  [jvm.dll+0x7d3703]
V  [jvm.dll+0x2433c5]
V  [jvm.dll+0x6703f9]
V  [jvm.dll+0x664d32]
V  [jvm.dll+0x300086]
V  [jvm.dll+0x307606]
V  [jvm.dll+0x356c1e]
V  [jvm.dll+0x356e4f]
V  [jvm.dll+0x2d72e8]
V  [jvm.dll+0x2d8254]
V  [jvm.dll+0x7a33b1]
V  [jvm.dll+0x3647f1]
V  [jvm.dll+0x782839]
V  [jvm.dll+0x3e757f]
V  [jvm.dll+0x3e9001]
C  [jli.dll+0x5297]
C  [ucrtbase.dll+0x14ea0]
C  [KERNEL32.DLL+0x2e8d7]
C  [ntdll.dll+0xdfbcc]


---------------  P R O C E S S  ---------------

Threads class SMR info:
_java_thread_list=0x00007ffd973ae958, length=0, elements={
}

Java Threads: ( => current thread )

Other Threads:
  0x000001e7b043eb50 GCTaskThread "GC Thread#0" [stack: 0x0000003ee6600000,0x0000003ee6700000] [id=13212]
  0x000001e7b044f630 ConcurrentGCThread "G1 Main Marker" [stack: 0x0000003ee6700000,0x0000003ee6800000] [id=19616]
  0x000001e7b0451c30 ConcurrentGCThread "G1 Conc#0" [stack: 0x0000003ee6800000,0x0000003ee6900000] [id=8856]

[error occurred during error reporting (printing all threads), id 0xc0000005, EXCEPTION_ACCESS_VIOLATION (0xc0000005) at pc=0x00007ffd96be7f07]

VM state: not at safepoint (not fully initialized)

VM Mutex/Monitor currently owned by a thread:  ([mutex/lock_event])
[0x000001e7b03d4410] Heap_lock - owner thread: 0x000001e7b03d8940

Heap address: 0x0000000703600000, size: 4042 MB, Compressed Oops mode: Zero based, Oop shift amount: 3

CDS archive(s) mapped at: [0x0000000000000000-0x0000000000000000-0x0000000000000000), size 0, SharedBaseAddress: 0x0000000800000000, ArchiveRelocationMode: 0.
Narrow klass base: 0x0000000000000000, Narrow klass shift: 0, Narrow klass range: 0x0

GC Precious Log:
<Empty>

Heap:
 garbage-first heap   total 0K, used 0K [0x0000000703600000, 0x0000000800000000)
  region size 2048K, 0 young (0K), 0 survivors (0K)

[error occurred during error reporting (printing heap information), id 0xc0000005, EXCEPTION_ACCESS_VIOLATION (0xc0000005) at pc=0x00007ffd96fcc759]

GC Heap History (0 events):
No events

Deoptimization events (0 events):
No events

Classes unloaded (0 events):
No events

Classes redefined (0 events):
No events

Internal exceptions (0 events):
No events

VM Operations (0 events):
No events

Events (1 events):
Event: 0.006 Loaded shared library C:\Program Files\Java\jdk-17\bin\java.dll


Dynamic libraries:
0x00007ff622de0000 - 0x00007ff622df0000 	C:\Program Files\Java\jdk-17\bin\java.exe
0x00007ffe05080000 - 0x00007ffe052e3000 	C:\WINDOWS\SYSTEM32\ntdll.dll
0x00007ffe03bf0000 - 0x00007ffe03cb8000 	C:\WINDOWS\System32\KERNEL32.DLL
0x00007ffe02a70000 - 0x00007ffe02e22000 	C:\WINDOWS\System32\KERNELBASE.dll
0x00007ffe02450000 - 0x00007ffe0259b000 	C:\WINDOWS\System32\ucrtbase.dll
0x00007ffdeb070000 - 0x00007ffdeb088000 	C:\Program Files\Java\jdk-17\bin\jli.dll
0x00007ffddb9a0000 - 0x00007ffddb9bb000 	C:\Program Files\Java\jdk-17\bin\VCRUNTIME140.dll
0x00007ffe03dd0000 - 0x00007ffe03e84000 	C:\WINDOWS\System32\ADVAPI32.dll
0x00007ffe04f80000 - 0x00007ffe05029000 	C:\WINDOWS\System32\msvcrt.dll
0x00007ffe02f00000 - 0x00007ffe02fa6000 	C:\WINDOWS\System32\sechost.dll
0x00007ffe04240000 - 0x00007ffe04356000 	C:\WINDOWS\System32\RPCRT4.dll
0x00007ffe03510000 - 0x00007ffe036d8000 	C:\WINDOWS\System32\USER32.dll
0x00007ffe02800000 - 0x00007ffe02827000 	C:\WINDOWS\System32\win32u.dll
0x00007ffdcd630000 - 0x00007ffdcd8c0000 	C:\WINDOWS\WinSxS\amd64_microsoft.windows.common-controls_6595b64144ccf1df_6.0.26100.2454_none_3e0b68a2e331ad60\COMCTL32.dll
0x00007ffe03ad0000 - 0x00007ffe03afa000 	C:\WINDOWS\System32\GDI32.dll
0x00007ffe02630000 - 0x00007ffe0275b000 	C:\WINDOWS\System32\gdi32full.dll
0x00007ffe02e30000 - 0x00007ffe02ed3000 	C:\WINDOWS\System32\msvcp_win.dll
0x00007ffdfe610000 - 0x00007ffdfe61b000 	C:\WINDOWS\SYSTEM32\VERSION.dll
0x00007ffe03a90000 - 0x00007ffe03abf000 	C:\WINDOWS\System32\IMM32.DLL
0x00007ffdf7560000 - 0x00007ffdf756c000 	C:\Program Files\Java\jdk-17\bin\vcruntime140_1.dll
0x00007ffdc4400000 - 0x00007ffdc448e000 	C:\Program Files\Java\jdk-17\bin\msvcp140.dll
0x00007ffd96900000 - 0x00007ffd974d7000 	C:\Program Files\Java\jdk-17\bin\server\jvm.dll
0x00007ffe04230000 - 0x00007ffe04238000 	C:\WINDOWS\System32\PSAPI.DLL
0x00007ffdeb740000 - 0x00007ffdeb776000 	C:\WINDOWS\SYSTEM32\WINMM.dll
0x00007ffdd7370000 - 0x00007ffdd737a000 	C:\WINDOWS\SYSTEM32\WSOCK32.dll
0x00007ffe04f00000 - 0x00007ffe04f74000 	C:\WINDOWS\System32\WS2_32.dll
0x00007ffe013a0000 - 0x00007ffe013ba000 	C:\WINDOWS\SYSTEM32\kernel.appcore.dll
0x00007ffdeb0d0000 - 0x00007ffdeb0da000 	C:\Program Files\Java\jdk-17\bin\jimage.dll
0x00007ffdeb7e0000 - 0x00007ffdeba21000 	C:\WINDOWS\SYSTEM32\DBGHELP.DLL
0x00007ffe03ea0000 - 0x00007ffe0421e000 	C:\WINDOWS\System32\combase.dll
0x00007ffe03810000 - 0x00007ffe038e6000 	C:\WINDOWS\System32\OLEAUT32.dll
0x00007ffdf4dc0000 - 0x00007ffdf4df9000 	C:\WINDOWS\SYSTEM32\dbgcore.DLL
0x00007ffe02760000 - 0x00007ffe027f9000 	C:\WINDOWS\System32\bcryptPrimitives.dll
0x00007ffdf83b0000 - 0x00007ffdf83be000 	C:\Program Files\Java\jdk-17\bin\instrument.dll
0x00007ffdd2490000 - 0x00007ffdd24b5000 	C:\Program Files\Java\jdk-17\bin\java.dll

dbghelp: loaded successfully - version: 4.0.5 - missing functions: none
symbol engine: initialized successfully - sym options: 0x614 - pdb path: .;C:\Program Files\Java\jdk-17\bin;C:\WINDOWS\SYSTEM32;C:\WINDOWS\WinSxS\amd64_microsoft.windows.common-controls_6595b64144ccf1df_6.0.26100.2454_none_3e0b68a2e331ad60;C:\Program Files\Java\jdk-17\bin\server

VM Arguments:
jvm_args: -Dmaven.multiModuleProjectDirectory=C:\Users\ouarg\Downloads\packet_inspection\pkt_inspection -Djansi.passthrough=true -Dmaven.home=C:\Users\ouarg\.m2\wrapper\dists\apache-maven-3.8.5-bin\5i5jha092a3i37g0paqnfr15e0\apache-maven-3.8.5 -Dclassworlds.conf=C:\Users\ouarg\.m2\wrapper\dists\apache-maven-3.8.5-bin\5i5jha092a3i37g0paqnfr15e0\apache-maven-3.8.5\bin\m2.conf -Dmaven.ext.class.path=C:\Program Files\JetBrains\IntelliJ IDEA Community Edition 2024.3.1\plugins\maven\lib\maven-event-listener.jar -javaagent:C:\Program Files\JetBrains\IntelliJ IDEA Community Edition 2024.3.1\lib\idea_rt.jar=51669:C:\Program Files\JetBrains\IntelliJ IDEA Community Edition 2024.3.1\bin -Dfile.encoding=UTF-8 
java_command: org.codehaus.classworlds.Launcher -Didea.version=2024.3.1 clean install
java_class_path (initial): C:\Users\ouarg\.m2\wrapper\dists\apache-maven-3.8.5-bin\5i5jha092a3i37g0paqnfr15e0\apache-maven-3.8.5\boot\plexus-classworlds-2.6.0.jar;C:\Users\ouarg\.m2\wrapper\dists\apache-maven-3.8.5-bin\5i5jha092a3i37g0paqnfr15e0\apache-maven-3.8.5\boot\plexus-classworlds.license
Launcher Type: SUN_STANDARD

[Global flags]
     intx CICompilerCount                          = 4                                         {product} {ergonomic}
     uint ConcGCThreads                            = 3                                         {product} {ergonomic}
     uint G1ConcRefinementThreads                  = 10                                        {product} {ergonomic}
   size_t G1HeapRegionSize                         = 2097152                                   {product} {ergonomic}
    uintx GCDrainStackTargetSize                   = 64                                        {product} {ergonomic}
   size_t InitialHeapSize                          = 266338304                                 {product} {ergonomic}
   size_t MarkStackSize                            = 4194304                                   {product} {ergonomic}
   size_t MaxHeapSize                              = 4238344192                                {product} {ergonomic}
   size_t MinHeapDeltaBytes                        = 2097152                                   {product} {ergonomic}
   size_t MinHeapSize                              = 8388608                                   {product} {ergonomic}
    uintx NonNMethodCodeHeapSize                   = 5839372                                {pd product} {ergonomic}
    uintx NonProfiledCodeHeapSize                  = 122909434                              {pd product} {ergonomic}
    uintx ProfiledCodeHeapSize                     = 122909434                              {pd product} {ergonomic}
    uintx ReservedCodeCacheSize                    = 251658240                              {pd product} {ergonomic}
     bool SegmentedCodeCache                       = true                                      {product} {ergonomic}
   size_t SoftMaxHeapSize                          = 4238344192                             {manageable} {ergonomic}
     bool UseCompressedClassPointers               = true                           {product lp64_product} {ergonomic}
     bool UseCompressedOops                        = true                           {product lp64_product} {ergonomic}
     bool UseG1GC                                  = true                                      {product} {ergonomic}
     bool UseLargePagesIndividualAllocation        = false                                  {pd product} {ergonomic}

Logging:
Log output configuration:
 #0: stdout all=warning uptime,level,tags
 #1: stderr all=off uptime,level,tags

Environment Variables:
JAVA_HOME=C:\Program Files\Java\jdk1.8.0_66
PATH=C:\Program Files\Common Files\Oracle\Java\javapath;C:\Program Files (x86)\Common Files\Oracle\Java\javapath;C:\ProgramData\Oracle\Java\javapath;C:\app\ouarg\product\21c\dbhomeXE\bin;C:\Windows\system32;C:\Windows;C:\Windows\System32\Wbem;C:\Windows\System32\WindowsPowerShell\v1.0\;C:\Windows\System32\OpenSSH\;C:\Program Files\Git\cmd;C:\Program Files\dotnet\;C:\Program Files\nodejs\;C:\MinGW\bin;C:\Program Files\gnuplot\bin;C:\Users\ouarg\AppData\Local\Programs\Python\Python310\Scripts\;C:\Users\ouarg\AppData\Local\Programs\Python\Python310\;C:\Users\ouarg\AppData\Local\Microsoft\WindowsApps;C:\Program Files\JetBrains\IntelliJ IDEA 2021.3\bin;C:\Users\ouarg\AppData\Local\Programs\Microsoft VS Code\bin;C:\Dart\dart-sdk\bin;C:\src\flutter\bin;C:\Users\ouarg\AppData\Roaming\npm;C:\Users\ouarg\AppData\Local\GitHubDesktop\bin;C:\Users\ouarg\AppData\Local\Programs\MiKTeX\miktex\bin\x64\;C:\Users\ouarg\AppData\Local\Programs\MiKTeX\miktex\bin;C:\adb;;%SystemRoot%\system32;%SystemRoot%;%SystemRoot%\System32\Wbem;%SYSTEMROOT%\System32\WindowsPowerShell\v1.0\;%SYSTEMROOT%\System32\OpenSSH\;C:\Users\ouarg\AppData\Local\Programs\Python\Python310\Scripts\;C:\Users\ouarg\AppData\Local\Programs\Python\Python310\;C:\Users\ouarg\AppData\Local\Microsoft\WindowsApps;C:\Program Files\JetBrains\IntelliJ IDEA 2021.3\bin;;C:\Users\ouarg\AppData\Local\Programs\Microsoft VS Code\bin;C:\Dart\dart-sdk\bin;C:\src\flutter\bin;C:\Users\ouarg\AppData\Roaming\npm;C:\Users\ouarg\AppData\Local\GitHubDesktop\bin;C:\Users\ouarg\AppData\Local\Programs\MiKTeX\miktex\bin\x64\;C:\Users\ouarg\AppData\Local\Programs\MiKTeX\miktex\bin;C:\MinGW\bin;;C:\Program Files\JetBrains\IntelliJ IDEA Community Edition 2024.3.1\bin;;C:\Users\ouarg\AppData\Local\Programs\Windsurf\bin
USERNAME=ouarg
OS=Windows_NT
PROCESSOR_IDENTIFIER=Intel64 Family 6 Model 141 Stepping 1, GenuineIntel



---------------  S Y S T E M  ---------------

OS:
 Windows 11 , 64 bit Build 26100 (10.0.26100.2454)
OS uptime: 0 days 7:25 hours

CPU: total 12 (initial active 12) (6 cores per cpu, 2 threads per core) family 6 model 141 stepping 1 microcode 0x2c, cx8, cmov, fxsr, ht, mmx, 3dnowpref, sse, sse2, sse3, ssse3, sse4.1, sse4.2, popcnt, lzcnt, tsc, tscinvbit, avx, avx2, aes, erms, clmul, bmi1, bmi2, adx, avx512f, avx512dq, avx512cd, avx512bw, avx512vl, sha, fma, vzeroupper, avx512_vpopcntdq, avx512_vpclmulqdq, avx512_vaes, avx512_vnni, clflush, clflushopt, clwb, avx512_vbmi2, avx512_vbmi

Memory: 4k page, system-wide physical 16163M (2616M free)
TotalPageFile size 16163M (AvailPageFile size 254M)
current process WorkingSet (physical memory assigned to process): 12M, peak: 12M
current process commit charge ("private bytes"): 64M, peak: 318M

vm_info: Java HotSpot(TM) 64-Bit Server VM (17.0.6+9-LTS-190) for windows-amd64 JRE (17.0.6+9-LTS-190), built on Dec  6 2022 15:53:54 by "mach5one" with MS VC++ 17.1 (VS2022)

END.
