#
# There is insufficient memory for the Java Runtime Environment to continue.
# Native memory allocation (mmap) failed to map 65536 bytes for Failed to commit metaspace.
# Possible reasons:
#   The system is out of physical RAM or swap space
#   The process is running with CompressedOops enabled, and the Java Heap may be blocking the growth of the native heap
# Possible solutions:
#   Reduce memory load on the system
#   Increase physical memory or swap space
#   Check if swap backing store is full
#   Decrease Java heap size (-Xmx/-Xms)
#   Decrease number of Java threads
#   Decrease Java thread stack sizes (-Xss)
#   Set larger code cache with -XX:ReservedCodeCacheSize=
#   JVM is running with Zero Based Compressed Oops mode in which the Java heap is
#     placed in the first 32GB address space. The Java Heap base address is the
#     maximum limit for the native heap growth. Please use -XX:HeapBaseMinAddress
#     to set the Java Heap base and to place the Java Heap above 32GB virtual address.
# This output file may be truncated or incomplete.
#
#  Out of Memory Error (virtualSpaceNode.cpp:110), pid=8500, tid=8140
#
# JRE version: Java(TM) SE Runtime Environment (17.0.6+9) (build 17.0.6+9-LTS-190)
# Java VM: Java HotSpot(TM) 64-Bit Server VM (17.0.6+9-LTS-190, mixed mode, sharing, tiered, compressed oops, compressed class ptrs, g1 gc, windows-amd64)
# No core dump will be written. Minidumps are not enabled by default on client versions of Windows
#

---------------  S U M M A R Y ------------

Command Line: -javaagent:C:\Program Files\JetBrains\IntelliJ IDEA Community Edition 2024.3.1\lib\idea_rt.jar=51661:C:\Program Files\JetBrains\IntelliJ IDEA Community Edition 2024.3.1\bin -Dfile.encoding=UTF-8 --module-path=C:\Users\ouarg\.m2\repository\net\java\dev\jna\jna\5.3.1\jna-5.3.1.jar;C:\Users\ouarg\Downloads\packet_inspection\pkt_inspection\target\classes;C:\Users\ouarg\.m2\repository\org\slf4j\slf4j-api\1.7.26\slf4j-api-1.7.26.jar;C:\Users\ouarg\.m2\repository\org\openjfx\javafx-base\17.0.6\javafx-base-17.0.6-win.jar;C:\Users\ouarg\.m2\repository\org\pcap4j\pcap4j-core\1.8.2\pcap4j-core-1.8.2.jar;C:\Users\ouarg\.m2\repository\org\openjfx\javafx-graphics\17.0.6\javafx-graphics-17.0.6-win.jar;C:\Users\ouarg\.m2\repository\org\pcap4j\pcap4j-packetfactory-static\1.8.2\pcap4j-packetfactory-static-1.8.2.jar;C:\Users\ouarg\.m2\repository\org\openjfx\javafx-controls\17.0.6\javafx-controls-17.0.6-win.jar -Djdk.module.main=com.example.pkt_inspection com.example.pkt_inspection/com.example.pkt_inspection.NetworkMonitorApp

Host: 11th Gen Intel(R) Core(TM) i5-11400H @ 2.70GHz, 12 cores, 15G,  Windows 11 , 64 bit Build 26100 (10.0.26100.2454)
Time: Wed Jan  8 02:09:28 2025 Morocco Daylight Time elapsed time: 9.651853 seconds (0d 0h 0m 9s)

---------------  T H R E A D  ---------------

Current thread (0x000001aefab208a0):  JavaThread "JavaFX Application Thread" [_thread_in_vm, id=8140, stack(0x00000079b0900000,0x00000079b0a00000)]

Stack: [0x00000079b0900000,0x00000079b0a00000]
Native frames: (J=compiled Java code, j=interpreted, Vv=VM code, C=native code)
V  [jvm.dll+0x6734ea]
V  [jvm.dll+0x7d18f4]
V  [jvm.dll+0x7d309e]
V  [jvm.dll+0x7d3703]
V  [jvm.dll+0x2433c5]
V  [jvm.dll+0x7cd9fb]
V  [jvm.dll+0x619546]
V  [jvm.dll+0x6195aa]
V  [jvm.dll+0x61bdcd]
V  [jvm.dll+0x619f06]
V  [jvm.dll+0x62abe9]
V  [jvm.dll+0x623ef4]
V  [jvm.dll+0x37a911]
C  0x000001aee440c727

Java frames: (J=compiled Java code, j=interpreted, Vv=VM code)
j  java.util.concurrent.ConcurrentHashMap$EntryIterator.<init>([Ljava/util/concurrent/ConcurrentHashMap$Node;IIILjava/util/concurrent/ConcurrentHashMap;)V+0 java.base@17.0.6
j  java.util.concurrent.ConcurrentHashMap$EntrySetView.iterator()Ljava/util/Iterator;+30 java.base@17.0.6
j  java.util.Properties$EntrySet.iterator()Ljava/util/Iterator;+4 java.base@17.0.6
j  java.util.Collections$SynchronizedCollection.iterator()Ljava/util/Iterator;+4 java.base@17.0.6
j  java.util.HashMap.putMapEntries(Ljava/util/Map;Z)V+100 java.base@17.0.6
j  java.util.HashMap.<init>(Ljava/util/Map;)V+13 java.base@17.0.6
j  java.util.PropertyResourceBundle.<init>(Ljava/io/Reader;)V+23 java.base@17.0.6
j  java.util.PropertyResourceBundle.<init>(Ljava/io/InputStream;)V+47 java.base@17.0.6
j  java.util.ResourceBundle$ResourceBundleProviderHelper.loadPropertyResourceBundle(Ljava/lang/Module;Ljava/lang/Module;Ljava/lang/String;Ljava/util/Locale;)Ljava/util/ResourceBundle;+42 java.base@17.0.6
j  java.util.ResourceBundle.loadBundle(Ljava/util/ResourceBundle$CacheKey;Ljava/util/List;Ljava/util/ResourceBundle$Control;Ljava/lang/Module;Ljava/lang/Module;)Ljava/util/ResourceBundle;+272 java.base@17.0.6
j  java.util.ResourceBundle.findBundle(Ljava/lang/Module;Ljava/lang/Module;Ljava/util/ResourceBundle$CacheKey;Ljava/util/List;Ljava/util/List;ILjava/util/ResourceBundle$Control;Ljava/util/ResourceBundle;)Ljava/util/ResourceBundle;+249 java.base@17.0.6
j  java.util.ResourceBundle.findBundle(Ljava/lang/Module;Ljava/lang/Module;Ljava/util/ResourceBundle$CacheKey;Ljava/util/List;Ljava/util/List;ILjava/util/ResourceBundle$Control;Ljava/util/ResourceBundle;)Ljava/util/ResourceBundle;+43 java.base@17.0.6
j  java.util.ResourceBundle.findBundle(Ljava/lang/Module;Ljava/lang/Module;Ljava/util/ResourceBundle$CacheKey;Ljava/util/List;Ljava/util/List;ILjava/util/ResourceBundle$Control;Ljava/util/ResourceBundle;)Ljava/util/ResourceBundle;+43 java.base@17.0.6
j  java.util.ResourceBundle.getBundleImpl(Ljava/lang/Module;Ljava/lang/Module;Ljava/lang/String;Ljava/util/Locale;Ljava/util/ResourceBundle$Control;)Ljava/util/ResourceBundle;+196 java.base@17.0.6
j  java.util.ResourceBundle.getBundleImpl(Ljava/lang/String;Ljava/util/Locale;Ljava/lang/Class;Ljava/lang/ClassLoader;Ljava/util/ResourceBundle$Control;)Ljava/util/ResourceBundle;+45 java.base@17.0.6
j  java.util.ResourceBundle.getBundleImpl(Ljava/lang/String;Ljava/util/Locale;Ljava/lang/Class;Ljava/util/ResourceBundle$Control;)Ljava/util/ResourceBundle;+8 java.base@17.0.6
j  java.util.ResourceBundle.getBundle(Ljava/lang/String;)Ljava/util/ResourceBundle;+14 java.base@17.0.6
j  com.sun.glass.ui.win.WinApplication.getHighContrastScheme(Ljava/lang/String;)Ljava/lang/String;+3 javafx.graphics
j  com.sun.glass.ui.win.WinApplication.getHighContrastTheme()Ljava/lang/String;+8 javafx.graphics
j  com.sun.javafx.tk.quantum.QuantumToolkit.getThemeName()Ljava/lang/String;+3 javafx.graphics
j  com.sun.javafx.application.PlatformImpl._setPlatformUserAgentStylesheet(Ljava/lang/String;)V+347 javafx.graphics
j  com.sun.javafx.application.PlatformImpl.setPlatformUserAgentStylesheet(Ljava/lang/String;)V+7 javafx.graphics
j  com.sun.javafx.application.PlatformImpl.setDefaultPlatformUserAgentStylesheet()V+3 javafx.graphics
j  javafx.scene.control.Control.<clinit>()V+32 javafx.controls
v  ~StubRoutines::call_stub
j  com.example.pkt_inspection.NetworkMonitorApp.createToolbar()Ljavafx/scene/control/ToolBar;+1 com.example.pkt_inspection
j  com.example.pkt_inspection.NetworkMonitorApp.start(Ljavafx/stage/Stage;)V+50 com.example.pkt_inspection
j  com.sun.javafx.application.LauncherImpl.lambda$launchApplication1$9(Ljava/util/concurrent/atomic/AtomicBoolean;Ljavafx/application/Application;)V+20 javafx.graphics
j  com.sun.javafx.application.LauncherImpl$$Lambda$128+0x0000000800c88440.run()V+8 javafx.graphics
j  com.sun.javafx.application.PlatformImpl.lambda$runAndWait$12(Ljava/lang/Runnable;Ljava/util/concurrent/CountDownLatch;)V+1 javafx.graphics
j  com.sun.javafx.application.PlatformImpl$$Lambda$109+0x0000000800c3fcb8.run()V+8 javafx.graphics
j  com.sun.javafx.application.PlatformImpl.lambda$runLater$10(Ljava/lang/Runnable;)Ljava/lang/Void;+1 javafx.graphics
j  com.sun.javafx.application.PlatformImpl$$Lambda$111+0x0000000800c85250.run()Ljava/lang/Object;+4 javafx.graphics
J 859 c1 java.security.AccessController.executePrivileged(Ljava/security/PrivilegedAction;Ljava/security/AccessControlContext;Ljava/lang/Class;)Ljava/lang/Object; java.base@17.0.6 (65 bytes) @ 0x000001aedd0217bc [0x000001aedd021660+0x000000000000015c]
j  java.security.AccessController.doPrivileged(Ljava/security/PrivilegedAction;Ljava/security/AccessControlContext;)Ljava/lang/Object;+13 java.base@17.0.6
j  com.sun.javafx.application.PlatformImpl.lambda$runLater$11(Ljava/lang/Runnable;Ljava/security/AccessControlContext;)V+7 javafx.graphics
j  com.sun.javafx.application.PlatformImpl$$Lambda$110+0x0000000800c84200.run()V+8 javafx.graphics
j  com.sun.glass.ui.InvokeLaterDispatcher$Future.run()V+4 javafx.graphics
v  ~StubRoutines::call_stub
j  com.sun.glass.ui.win.WinApplication._runLoop(Ljava/lang/Runnable;)V+0 javafx.graphics
j  com.sun.glass.ui.win.WinApplication.lambda$runLoop$3(ILjava/lang/Runnable;)V+8 javafx.graphics
j  com.sun.glass.ui.win.WinApplication$$Lambda$99+0x0000000800c2d650.run()V+12 javafx.graphics
j  java.lang.Thread.run()V+11 java.base@17.0.6
v  ~StubRoutines::call_stub

---------------  P R O C E S S  ---------------

Threads class SMR info:
_java_thread_list=0x000001aef9c72f80, length=18, elements={
0x000001aed3c962f0, 0x000001aef8d409d0, 0x000001aef8d41580, 0x000001aef8d561b0,
0x000001aef8d56d60, 0x000001aef8d59720, 0x000001aef8d5aef0, 0x000001aef8d672c0,
0x000001aef8d80a00, 0x000001aef8d85310, 0x000001aef8397260, 0x000001aef9ef29a0,
0x000001aef904a110, 0x000001aef9f1dd40, 0x000001aefab245a0, 0x000001aefab208a0,
0x000001aef9c657b0, 0x000001aef9c73250
}

Java Threads: ( => current thread )
  0x000001aed3c962f0 JavaThread "main" [_thread_blocked, id=17284, stack(0x00000079af100000,0x00000079af200000)]
  0x000001aef8d409d0 JavaThread "Reference Handler" daemon [_thread_blocked, id=13064, stack(0x00000079af800000,0x00000079af900000)]
  0x000001aef8d41580 JavaThread "Finalizer" daemon [_thread_blocked, id=18188, stack(0x00000079af900000,0x00000079afa00000)]
  0x000001aef8d561b0 JavaThread "Signal Dispatcher" daemon [_thread_blocked, id=9804, stack(0x00000079afa00000,0x00000079afb00000)]
  0x000001aef8d56d60 JavaThread "Attach Listener" daemon [_thread_blocked, id=18656, stack(0x00000079afb00000,0x00000079afc00000)]
  0x000001aef8d59720 JavaThread "Service Thread" daemon [_thread_blocked, id=16492, stack(0x00000079afc00000,0x00000079afd00000)]
  0x000001aef8d5aef0 JavaThread "Monitor Deflation Thread" daemon [_thread_blocked, id=11804, stack(0x00000079afd00000,0x00000079afe00000)]
  0x000001aef8d672c0 JavaThread "C2 CompilerThread0" daemon [_thread_blocked, id=21424, stack(0x00000079afe00000,0x00000079aff00000)]
  0x000001aef8d80a00 JavaThread "C1 CompilerThread0" daemon [_thread_in_vm, id=8292, stack(0x00000079aff00000,0x00000079b0000000)]
  0x000001aef8d85310 JavaThread "Sweeper thread" daemon [_thread_blocked, id=15920, stack(0x00000079b0000000,0x00000079b0100000)]
  0x000001aef8397260 JavaThread "Common-Cleaner" daemon [_thread_blocked, id=10652, stack(0x00000079b0100000,0x00000079b0200000)]
  0x000001aef9ef29a0 JavaThread "Monitor Ctrl-Break" daemon [_thread_in_native, id=7772, stack(0x00000079b0400000,0x00000079b0500000)]
  0x000001aef904a110 JavaThread "Notification Thread" daemon [_thread_blocked, id=11548, stack(0x00000079b0500000,0x00000079b0600000)]
  0x000001aef9f1dd40 JavaThread "QuantumRenderer-0" daemon [_thread_blocked, id=6944, stack(0x00000079b0700000,0x00000079b0800000)]
  0x000001aefab245a0 JavaThread "InvokeLaterDispatcher" daemon [_thread_blocked, id=22140, stack(0x00000079b0800000,0x00000079b0900000)]
=>0x000001aefab208a0 JavaThread "JavaFX Application Thread" [_thread_in_vm, id=8140, stack(0x00000079b0900000,0x00000079b0a00000)]
  0x000001aef9c657b0 JavaThread "Thread-1" daemon [_thread_in_native, id=8204, stack(0x00000079b0200000,0x00000079b0300000)]
  0x000001aef9c73250 JavaThread "JavaFX-Launcher" [_thread_blocked, id=19320, stack(0x00000079b0c00000,0x00000079b0d00000)]

Other Threads:
  0x000001aef8d39f20 VMThread "VM Thread" [stack: 0x00000079af700000,0x00000079af800000] [id=20736]
  0x000001aef81af820 WatcherThread [stack: 0x00000079b0600000,0x00000079b0700000] [id=21716]
  0x000001aed3d006c0 GCTaskThread "GC Thread#0" [stack: 0x00000079af200000,0x00000079af300000] [id=2480]
  0x000001aef9d87e70 GCTaskThread "GC Thread#1" [stack: 0x00000079b0d00000,0x00000079b0e00000] [id=8488]
  0x000001aef9d88930 GCTaskThread "GC Thread#2" [stack: 0x00000079b0e00000,0x00000079b0f00000] [id=2784]
  0x000001aef9d88680 GCTaskThread "GC Thread#3" [stack: 0x00000079b0f00000,0x00000079b1000000] [id=17460]
  0x000001aef9d86e50 GCTaskThread "GC Thread#4" [stack: 0x00000079b1000000,0x00000079b1100000] [id=11248]
  0x000001aef9d883d0 GCTaskThread "GC Thread#5" [stack: 0x00000079b1100000,0x00000079b1200000] [id=19188]
  0x000001aed3d51010 ConcurrentGCThread "G1 Main Marker" [stack: 0x00000079af300000,0x00000079af400000] [id=19660]
  0x000001aed3d531d0 ConcurrentGCThread "G1 Conc#0" [stack: 0x00000079af400000,0x00000079af500000] [id=1112]
  0x000001aef82617e0 ConcurrentGCThread "G1 Refine#0" [stack: 0x00000079af500000,0x00000079af600000] [id=7052]
  0x000001aef8263210 ConcurrentGCThread "G1 Service" [stack: 0x00000079af600000,0x00000079af700000] [id=18176]

Threads with active compile tasks:
C1 CompilerThread0     9680  979       3       java.util.Properties::loadConvert (540 bytes)

VM state: not at safepoint (normal execution)

VM Mutex/Monitor currently owned by a thread:  ([mutex/lock_event])
[0x000001aed3c91260] Metaspace_lock - owner thread: 0x000001aefab208a0
[0x000001aed3c93390] MethodData_lock - owner thread: 0x000001aef8d80a00

Heap address: 0x0000000703600000, size: 4042 MB, Compressed Oops mode: Zero based, Oop shift amount: 3

CDS archive(s) mapped at: [0x0000000800000000-0x0000000800bd0000-0x0000000800bd0000), size 12386304, SharedBaseAddress: 0x0000000800000000, ArchiveRelocationMode: 0.
Compressed class space mapped at: 0x0000000800c00000-0x0000000840c00000, reserved size: 1073741824
Narrow klass base: 0x0000000800000000, Narrow klass shift: 0, Narrow klass range: 0x100000000

GC Precious Log:
 CPUs: 12 total, 12 available
 Memory: 16163M
 Large Page Support: Disabled
 NUMA Support: Disabled
 Compressed Oops: Enabled (Zero based)
 Heap Region Size: 2M
 Heap Min Capacity: 8M
 Heap Initial Capacity: 254M
 Heap Max Capacity: 4042M
 Pre-touch: Disabled
 Parallel Workers: 10
 Concurrent Workers: 3
 Concurrent Refinement Workers: 10
 Periodic GC: Disabled

Heap:
 garbage-first heap   total 260096K, used 7135K [0x0000000703600000, 0x0000000800000000)
  region size 2048K, 5 young (10240K), 2 survivors (4096K)
 Metaspace       used 6044K, committed 6208K, reserved 1056768K
  class space    used 775K, committed 896K, reserved 1048576K

Heap Regions: E=young(eden), S=young(survivor), O=old, HS=humongous(starts), HC=humongous(continues), CS=collection set, F=free, OA=open archive, CA=closed archive, TAMS=top-at-mark-start (previous, next)
|   0|0x0000000703600000, 0x0000000703600000, 0x0000000703800000|  0%| F|  |TAMS 0x0000000703600000, 0x0000000703600000| Untracked 
|   1|0x0000000703800000, 0x0000000703800000, 0x0000000703a00000|  0%| F|  |TAMS 0x0000000703800000, 0x0000000703800000| Untracked 
|   2|0x0000000703a00000, 0x0000000703a00000, 0x0000000703c00000|  0%| F|  |TAMS 0x0000000703a00000, 0x0000000703a00000| Untracked 
|   3|0x0000000703c00000, 0x0000000703c00000, 0x0000000703e00000|  0%| F|  |TAMS 0x0000000703c00000, 0x0000000703c00000| Untracked 
|   4|0x0000000703e00000, 0x0000000703e00000, 0x0000000704000000|  0%| F|  |TAMS 0x0000000703e00000, 0x0000000703e00000| Untracked 
|   5|0x0000000704000000, 0x0000000704000000, 0x0000000704200000|  0%| F|  |TAMS 0x0000000704000000, 0x0000000704000000| Untracked 
|   6|0x0000000704200000, 0x0000000704200000, 0x0000000704400000|  0%| F|  |TAMS 0x0000000704200000, 0x0000000704200000| Untracked 
|   7|0x0000000704400000, 0x0000000704400000, 0x0000000704600000|  0%| F|  |TAMS 0x0000000704400000, 0x0000000704400000| Untracked 
|   8|0x0000000704600000, 0x0000000704600000, 0x0000000704800000|  0%| F|  |TAMS 0x0000000704600000, 0x0000000704600000| Untracked 
|   9|0x0000000704800000, 0x0000000704800000, 0x0000000704a00000|  0%| F|  |TAMS 0x0000000704800000, 0x0000000704800000| Untracked 
|  10|0x0000000704a00000, 0x0000000704a00000, 0x0000000704c00000|  0%| F|  |TAMS 0x0000000704a00000, 0x0000000704a00000| Untracked 
|  11|0x0000000704c00000, 0x0000000704c00000, 0x0000000704e00000|  0%| F|  |TAMS 0x0000000704c00000, 0x0000000704c00000| Untracked 
|  12|0x0000000704e00000, 0x0000000704e00000, 0x0000000705000000|  0%| F|  |TAMS 0x0000000704e00000, 0x0000000704e00000| Untracked 
|  13|0x0000000705000000, 0x0000000705000000, 0x0000000705200000|  0%| F|  |TAMS 0x0000000705000000, 0x0000000705000000| Untracked 
|  14|0x0000000705200000, 0x0000000705200000, 0x0000000705400000|  0%| F|  |TAMS 0x0000000705200000, 0x0000000705200000| Untracked 
|  15|0x0000000705400000, 0x0000000705400000, 0x0000000705600000|  0%| F|  |TAMS 0x0000000705400000, 0x0000000705400000| Untracked 
|  16|0x0000000705600000, 0x0000000705600000, 0x0000000705800000|  0%| F|  |TAMS 0x0000000705600000, 0x0000000705600000| Untracked 
|  17|0x0000000705800000, 0x0000000705800000, 0x0000000705a00000|  0%| F|  |TAMS 0x0000000705800000, 0x0000000705800000| Untracked 
|  18|0x0000000705a00000, 0x0000000705a00000, 0x0000000705c00000|  0%| F|  |TAMS 0x0000000705a00000, 0x0000000705a00000| Untracked 
|  19|0x0000000705c00000, 0x0000000705c00000, 0x0000000705e00000|  0%| F|  |TAMS 0x0000000705c00000, 0x0000000705c00000| Untracked 
|  20|0x0000000705e00000, 0x0000000705e00000, 0x0000000706000000|  0%| F|  |TAMS 0x0000000705e00000, 0x0000000705e00000| Untracked 
|  21|0x0000000706000000, 0x0000000706000000, 0x0000000706200000|  0%| F|  |TAMS 0x0000000706000000, 0x0000000706000000| Untracked 
|  22|0x0000000706200000, 0x0000000706200000, 0x0000000706400000|  0%| F|  |TAMS 0x0000000706200000, 0x0000000706200000| Untracked 
|  23|0x0000000706400000, 0x0000000706400000, 0x0000000706600000|  0%| F|  |TAMS 0x0000000706400000, 0x0000000706400000| Untracked 
|  24|0x0000000706600000, 0x0000000706600000, 0x0000000706800000|  0%| F|  |TAMS 0x0000000706600000, 0x0000000706600000| Untracked 
|  25|0x0000000706800000, 0x0000000706800000, 0x0000000706a00000|  0%| F|  |TAMS 0x0000000706800000, 0x0000000706800000| Untracked 
|  26|0x0000000706a00000, 0x0000000706a00000, 0x0000000706c00000|  0%| F|  |TAMS 0x0000000706a00000, 0x0000000706a00000| Untracked 
|  27|0x0000000706c00000, 0x0000000706c00000, 0x0000000706e00000|  0%| F|  |TAMS 0x0000000706c00000, 0x0000000706c00000| Untracked 
|  28|0x0000000706e00000, 0x0000000706e00000, 0x0000000707000000|  0%| F|  |TAMS 0x0000000706e00000, 0x0000000706e00000| Untracked 
|  29|0x0000000707000000, 0x0000000707000000, 0x0000000707200000|  0%| F|  |TAMS 0x0000000707000000, 0x0000000707000000| Untracked 
|  30|0x0000000707200000, 0x0000000707200000, 0x0000000707400000|  0%| F|  |TAMS 0x0000000707200000, 0x0000000707200000| Untracked 
|  31|0x0000000707400000, 0x0000000707400000, 0x0000000707600000|  0%| F|  |TAMS 0x0000000707400000, 0x0000000707400000| Untracked 
|  32|0x0000000707600000, 0x0000000707600000, 0x0000000707800000|  0%| F|  |TAMS 0x0000000707600000, 0x0000000707600000| Untracked 
|  33|0x0000000707800000, 0x0000000707800000, 0x0000000707a00000|  0%| F|  |TAMS 0x0000000707800000, 0x0000000707800000| Untracked 
|  34|0x0000000707a00000, 0x0000000707a00000, 0x0000000707c00000|  0%| F|  |TAMS 0x0000000707a00000, 0x0000000707a00000| Untracked 
|  35|0x0000000707c00000, 0x0000000707c00000, 0x0000000707e00000|  0%| F|  |TAMS 0x0000000707c00000, 0x0000000707c00000| Untracked 
|  36|0x0000000707e00000, 0x0000000707e00000, 0x0000000708000000|  0%| F|  |TAMS 0x0000000707e00000, 0x0000000707e00000| Untracked 
|  37|0x0000000708000000, 0x0000000708000000, 0x0000000708200000|  0%| F|  |TAMS 0x0000000708000000, 0x0000000708000000| Untracked 
|  38|0x0000000708200000, 0x0000000708200000, 0x0000000708400000|  0%| F|  |TAMS 0x0000000708200000, 0x0000000708200000| Untracked 
|  39|0x0000000708400000, 0x0000000708400000, 0x0000000708600000|  0%| F|  |TAMS 0x0000000708400000, 0x0000000708400000| Untracked 
|  40|0x0000000708600000, 0x0000000708600000, 0x0000000708800000|  0%| F|  |TAMS 0x0000000708600000, 0x0000000708600000| Untracked 
|  41|0x0000000708800000, 0x0000000708800000, 0x0000000708a00000|  0%| F|  |TAMS 0x0000000708800000, 0x0000000708800000| Untracked 
|  42|0x0000000708a00000, 0x0000000708a00000, 0x0000000708c00000|  0%| F|  |TAMS 0x0000000708a00000, 0x0000000708a00000| Untracked 
|  43|0x0000000708c00000, 0x0000000708c00000, 0x0000000708e00000|  0%| F|  |TAMS 0x0000000708c00000, 0x0000000708c00000| Untracked 
|  44|0x0000000708e00000, 0x0000000708e00000, 0x0000000709000000|  0%| F|  |TAMS 0x0000000708e00000, 0x0000000708e00000| Untracked 
|  45|0x0000000709000000, 0x0000000709000000, 0x0000000709200000|  0%| F|  |TAMS 0x0000000709000000, 0x0000000709000000| Untracked 
|  46|0x0000000709200000, 0x0000000709200000, 0x0000000709400000|  0%| F|  |TAMS 0x0000000709200000, 0x0000000709200000| Untracked 
|  47|0x0000000709400000, 0x0000000709400000, 0x0000000709600000|  0%| F|  |TAMS 0x0000000709400000, 0x0000000709400000| Untracked 
|  48|0x0000000709600000, 0x0000000709600000, 0x0000000709800000|  0%| F|  |TAMS 0x0000000709600000, 0x0000000709600000| Untracked 
|  49|0x0000000709800000, 0x0000000709800000, 0x0000000709a00000|  0%| F|  |TAMS 0x0000000709800000, 0x0000000709800000| Untracked 
|  50|0x0000000709a00000, 0x0000000709a00000, 0x0000000709c00000|  0%| F|  |TAMS 0x0000000709a00000, 0x0000000709a00000| Untracked 
|  51|0x0000000709c00000, 0x0000000709c00000, 0x0000000709e00000|  0%| F|  |TAMS 0x0000000709c00000, 0x0000000709c00000| Untracked 
|  52|0x0000000709e00000, 0x0000000709e00000, 0x000000070a000000|  0%| F|  |TAMS 0x0000000709e00000, 0x0000000709e00000| Untracked 
|  53|0x000000070a000000, 0x000000070a000000, 0x000000070a200000|  0%| F|  |TAMS 0x000000070a000000, 0x000000070a000000| Untracked 
|  54|0x000000070a200000, 0x000000070a200000, 0x000000070a400000|  0%| F|  |TAMS 0x000000070a200000, 0x000000070a200000| Untracked 
|  55|0x000000070a400000, 0x000000070a400000, 0x000000070a600000|  0%| F|  |TAMS 0x000000070a400000, 0x000000070a400000| Untracked 
|  56|0x000000070a600000, 0x000000070a600000, 0x000000070a800000|  0%| F|  |TAMS 0x000000070a600000, 0x000000070a600000| Untracked 
|  57|0x000000070a800000, 0x000000070a800000, 0x000000070aa00000|  0%| F|  |TAMS 0x000000070a800000, 0x000000070a800000| Untracked 
|  58|0x000000070aa00000, 0x000000070aa00000, 0x000000070ac00000|  0%| F|  |TAMS 0x000000070aa00000, 0x000000070aa00000| Untracked 
|  59|0x000000070ac00000, 0x000000070ac00000, 0x000000070ae00000|  0%| F|  |TAMS 0x000000070ac00000, 0x000000070ac00000| Untracked 
|  60|0x000000070ae00000, 0x000000070ae00000, 0x000000070b000000|  0%| F|  |TAMS 0x000000070ae00000, 0x000000070ae00000| Untracked 
|  61|0x000000070b000000, 0x000000070b000000, 0x000000070b200000|  0%| F|  |TAMS 0x000000070b000000, 0x000000070b000000| Untracked 
|  62|0x000000070b200000, 0x000000070b200000, 0x000000070b400000|  0%| F|  |TAMS 0x000000070b200000, 0x000000070b200000| Untracked 
|  63|0x000000070b400000, 0x000000070b400000, 0x000000070b600000|  0%| F|  |TAMS 0x000000070b400000, 0x000000070b400000| Untracked 
|  64|0x000000070b600000, 0x000000070b600000, 0x000000070b800000|  0%| F|  |TAMS 0x000000070b600000, 0x000000070b600000| Untracked 
|  65|0x000000070b800000, 0x000000070b800000, 0x000000070ba00000|  0%| F|  |TAMS 0x000000070b800000, 0x000000070b800000| Untracked 
|  66|0x000000070ba00000, 0x000000070ba00000, 0x000000070bc00000|  0%| F|  |TAMS 0x000000070ba00000, 0x000000070ba00000| Untracked 
|  67|0x000000070bc00000, 0x000000070bc00000, 0x000000070be00000|  0%| F|  |TAMS 0x000000070bc00000, 0x000000070bc00000| Untracked 
|  68|0x000000070be00000, 0x000000070be00000, 0x000000070c000000|  0%| F|  |TAMS 0x000000070be00000, 0x000000070be00000| Untracked 
|  69|0x000000070c000000, 0x000000070c000000, 0x000000070c200000|  0%| F|  |TAMS 0x000000070c000000, 0x000000070c000000| Untracked 
|  70|0x000000070c200000, 0x000000070c200000, 0x000000070c400000|  0%| F|  |TAMS 0x000000070c200000, 0x000000070c200000| Untracked 
|  71|0x000000070c400000, 0x000000070c400000, 0x000000070c600000|  0%| F|  |TAMS 0x000000070c400000, 0x000000070c400000| Untracked 
|  72|0x000000070c600000, 0x000000070c600000, 0x000000070c800000|  0%| F|  |TAMS 0x000000070c600000, 0x000000070c600000| Untracked 
|  73|0x000000070c800000, 0x000000070c800000, 0x000000070ca00000|  0%| F|  |TAMS 0x000000070c800000, 0x000000070c800000| Untracked 
|  74|0x000000070ca00000, 0x000000070ca00000, 0x000000070cc00000|  0%| F|  |TAMS 0x000000070ca00000, 0x000000070ca00000| Untracked 
|  75|0x000000070cc00000, 0x000000070cc00000, 0x000000070ce00000|  0%| F|  |TAMS 0x000000070cc00000, 0x000000070cc00000| Untracked 
|  76|0x000000070ce00000, 0x000000070ce00000, 0x000000070d000000|  0%| F|  |TAMS 0x000000070ce00000, 0x000000070ce00000| Untracked 
|  77|0x000000070d000000, 0x000000070d000000, 0x000000070d200000|  0%| F|  |TAMS 0x000000070d000000, 0x000000070d000000| Untracked 
|  78|0x000000070d200000, 0x000000070d200000, 0x000000070d400000|  0%| F|  |TAMS 0x000000070d200000, 0x000000070d200000| Untracked 
|  79|0x000000070d400000, 0x000000070d400000, 0x000000070d600000|  0%| F|  |TAMS 0x000000070d400000, 0x000000070d400000| Untracked 
|  80|0x000000070d600000, 0x000000070d600000, 0x000000070d800000|  0%| F|  |TAMS 0x000000070d600000, 0x000000070d600000| Untracked 
|  81|0x000000070d800000, 0x000000070d800000, 0x000000070da00000|  0%| F|  |TAMS 0x000000070d800000, 0x000000070d800000| Untracked 
|  82|0x000000070da00000, 0x000000070da00000, 0x000000070dc00000|  0%| F|  |TAMS 0x000000070da00000, 0x000000070da00000| Untracked 
|  83|0x000000070dc00000, 0x000000070dc00000, 0x000000070de00000|  0%| F|  |TAMS 0x000000070dc00000, 0x000000070dc00000| Untracked 
|  84|0x000000070de00000, 0x000000070de00000, 0x000000070e000000|  0%| F|  |TAMS 0x000000070de00000, 0x000000070de00000| Untracked 
|  85|0x000000070e000000, 0x000000070e000000, 0x000000070e200000|  0%| F|  |TAMS 0x000000070e000000, 0x000000070e000000| Untracked 
|  86|0x000000070e200000, 0x000000070e200000, 0x000000070e400000|  0%| F|  |TAMS 0x000000070e200000, 0x000000070e200000| Untracked 
|  87|0x000000070e400000, 0x000000070e400000, 0x000000070e600000|  0%| F|  |TAMS 0x000000070e400000, 0x000000070e400000| Untracked 
|  88|0x000000070e600000, 0x000000070e600000, 0x000000070e800000|  0%| F|  |TAMS 0x000000070e600000, 0x000000070e600000| Untracked 
|  89|0x000000070e800000, 0x000000070e800000, 0x000000070ea00000|  0%| F|  |TAMS 0x000000070e800000, 0x000000070e800000| Untracked 
|  90|0x000000070ea00000, 0x000000070ea00000, 0x000000070ec00000|  0%| F|  |TAMS 0x000000070ea00000, 0x000000070ea00000| Untracked 
|  91|0x000000070ec00000, 0x000000070ec00000, 0x000000070ee00000|  0%| F|  |TAMS 0x000000070ec00000, 0x000000070ec00000| Untracked 
|  92|0x000000070ee00000, 0x000000070ee00000, 0x000000070f000000|  0%| F|  |TAMS 0x000000070ee00000, 0x000000070ee00000| Untracked 
|  93|0x000000070f000000, 0x000000070f000000, 0x000000070f200000|  0%| F|  |TAMS 0x000000070f000000, 0x000000070f000000| Untracked 
|  94|0x000000070f200000, 0x000000070f200000, 0x000000070f400000|  0%| F|  |TAMS 0x000000070f200000, 0x000000070f200000| Untracked 
|  95|0x000000070f400000, 0x000000070f400000, 0x000000070f600000|  0%| F|  |TAMS 0x000000070f400000, 0x000000070f400000| Untracked 
|  96|0x000000070f600000, 0x000000070f600000, 0x000000070f800000|  0%| F|  |TAMS 0x000000070f600000, 0x000000070f600000| Untracked 
|  97|0x000000070f800000, 0x000000070f800000, 0x000000070fa00000|  0%| F|  |TAMS 0x000000070f800000, 0x000000070f800000| Untracked 
|  98|0x000000070fa00000, 0x000000070fa00000, 0x000000070fc00000|  0%| F|  |TAMS 0x000000070fa00000, 0x000000070fa00000| Untracked 
|  99|0x000000070fc00000, 0x000000070fc00000, 0x000000070fe00000|  0%| F|  |TAMS 0x000000070fc00000, 0x000000070fc00000| Untracked 
| 100|0x000000070fe00000, 0x000000070fe00000, 0x0000000710000000|  0%| F|  |TAMS 0x000000070fe00000, 0x000000070fe00000| Untracked 
| 101|0x0000000710000000, 0x0000000710000000, 0x0000000710200000|  0%| F|  |TAMS 0x0000000710000000, 0x0000000710000000| Untracked 
| 102|0x0000000710200000, 0x0000000710200000, 0x0000000710400000|  0%| F|  |TAMS 0x0000000710200000, 0x0000000710200000| Untracked 
| 103|0x0000000710400000, 0x0000000710400000, 0x0000000710600000|  0%| F|  |TAMS 0x0000000710400000, 0x0000000710400000| Untracked 
| 104|0x0000000710600000, 0x0000000710600000, 0x0000000710800000|  0%| F|  |TAMS 0x0000000710600000, 0x0000000710600000| Untracked 
| 105|0x0000000710800000, 0x0000000710800000, 0x0000000710a00000|  0%| F|  |TAMS 0x0000000710800000, 0x0000000710800000| Untracked 
| 106|0x0000000710a00000, 0x0000000710a00000, 0x0000000710c00000|  0%| F|  |TAMS 0x0000000710a00000, 0x0000000710a00000| Untracked 
| 107|0x0000000710c00000, 0x0000000710c00000, 0x0000000710e00000|  0%| F|  |TAMS 0x0000000710c00000, 0x0000000710c00000| Untracked 
| 108|0x0000000710e00000, 0x0000000710e00000, 0x0000000711000000|  0%| F|  |TAMS 0x0000000710e00000, 0x0000000710e00000| Untracked 
| 109|0x0000000711000000, 0x0000000711000000, 0x0000000711200000|  0%| F|  |TAMS 0x0000000711000000, 0x0000000711000000| Untracked 
| 110|0x0000000711200000, 0x0000000711200000, 0x0000000711400000|  0%| F|  |TAMS 0x0000000711200000, 0x0000000711200000| Untracked 
| 111|0x0000000711400000, 0x0000000711400000, 0x0000000711600000|  0%| F|  |TAMS 0x0000000711400000, 0x0000000711400000| Untracked 
| 112|0x0000000711600000, 0x0000000711600000, 0x0000000711800000|  0%| F|  |TAMS 0x0000000711600000, 0x0000000711600000| Untracked 
| 113|0x0000000711800000, 0x0000000711800000, 0x0000000711a00000|  0%| F|  |TAMS 0x0000000711800000, 0x0000000711800000| Untracked 
| 114|0x0000000711a00000, 0x0000000711af7c80, 0x0000000711c00000| 48%| S|CS|TAMS 0x0000000711a00000, 0x0000000711a00000| Complete 
| 115|0x0000000711c00000, 0x0000000711e00000, 0x0000000711e00000|100%| S|CS|TAMS 0x0000000711c00000, 0x0000000711c00000| Complete 
| 116|0x0000000711e00000, 0x0000000711e00000, 0x0000000712000000|  0%| F|  |TAMS 0x0000000711e00000, 0x0000000711e00000| Untracked 
| 117|0x0000000712000000, 0x0000000712000000, 0x0000000712200000|  0%| F|  |TAMS 0x0000000712000000, 0x0000000712000000| Untracked 
| 118|0x0000000712200000, 0x0000000712200000, 0x0000000712400000|  0%| F|  |TAMS 0x0000000712200000, 0x0000000712200000| Untracked 
| 119|0x0000000712400000, 0x0000000712400000, 0x0000000712600000|  0%| F|  |TAMS 0x0000000712400000, 0x0000000712400000| Untracked 
| 120|0x0000000712600000, 0x0000000712600000, 0x0000000712800000|  0%| F|  |TAMS 0x0000000712600000, 0x0000000712600000| Untracked 
| 121|0x0000000712800000, 0x0000000712800000, 0x0000000712a00000|  0%| F|  |TAMS 0x0000000712800000, 0x0000000712800000| Untracked 
| 122|0x0000000712a00000, 0x0000000712a00000, 0x0000000712c00000|  0%| F|  |TAMS 0x0000000712a00000, 0x0000000712a00000| Untracked 
| 123|0x0000000712c00000, 0x0000000712c00000, 0x0000000712e00000|  0%| F|  |TAMS 0x0000000712c00000, 0x0000000712c00000| Untracked 
| 124|0x0000000712e00000, 0x0000000712e64680, 0x0000000713000000| 19%| E|  |TAMS 0x0000000712e00000, 0x0000000712e00000| Complete 
| 125|0x0000000713000000, 0x0000000713200000, 0x0000000713200000|100%| E|CS|TAMS 0x0000000713000000, 0x0000000713000000| Complete 
| 126|0x0000000713200000, 0x0000000713400000, 0x0000000713400000|100%| E|CS|TAMS 0x0000000713200000, 0x0000000713200000| Complete 

Card table byte_map: [0x000001aeed250000,0x000001aeeda40000] _byte_map_base: 0x000001aee9a35000

Marking Bits (Prev, Next): (CMBitMap*) 0x000001aed3d01ce0, (CMBitMap*) 0x000001aed3d01d20
 Prev Bits: [0x000001aeee230000, 0x000001aef2158000)
 Next Bits: [0x000001aef2160000, 0x000001aef6088000)

Polling page: 0x000001aed3d60000

Metaspace:

Usage:
  Non-class:      5.15 MB used.
      Class:    775.40 KB used.
       Both:      5.90 MB used.

Virtual space:
  Non-class space:        8.00 MB reserved,       5.19 MB ( 65%) committed,  1 nodes.
      Class space:        1.00 GB reserved,     896.00 KB ( <1%) committed,  1 nodes.
             Both:        1.01 GB reserved,       6.06 MB ( <1%) committed. 

Chunk freelists:
   Non-Class:  1.12 MB
       Class:  3.09 MB
        Both:  4.22 MB

MaxMetaspaceSize: unlimited
CompressedClassSpaceSize: 1.00 GB
Initial GC threshold: 21.00 MB
Current GC threshold: 21.00 MB
CDS: on
MetaspaceReclaimPolicy: balanced
 - commit_granule_bytes: 65536.
 - commit_granule_words: 8192.
 - virtual_space_node_default_size: 1048576.
 - enlarge_chunks_in_place: 1.
 - new_chunks_are_fully_committed: 0.
 - uncommit_free_chunks: 1.
 - use_allocation_guard: 0.
 - handle_deallocations: 1.


Internal statistics:

num_allocs_failed_limit: 0.
num_arena_births: 100.
num_arena_deaths: 0.
num_vsnodes_births: 2.
num_vsnodes_deaths: 0.
num_space_committed: 97.
num_space_uncommitted: 0.
num_chunks_returned_to_freelist: 0.
num_chunks_taken_from_freelist: 254.
num_chunk_merges: 0.
num_chunk_splits: 177.
num_chunks_enlarged: 135.
num_purges: 0.
num_inconsistent_stats: 0.

CodeHeap 'non-profiled nmethods': size=120000Kb used=359Kb max_used=359Kb free=119640Kb
 bounds [0x000001aee49a0000, 0x000001aee4c10000, 0x000001aeebed0000]
CodeHeap 'profiled nmethods': size=120000Kb used=1586Kb max_used=1586Kb free=118414Kb
 bounds [0x000001aedced0000, 0x000001aedd140000, 0x000001aee4400000]
CodeHeap 'non-nmethods': size=5760Kb used=1250Kb max_used=1263Kb free=4509Kb
 bounds [0x000001aee4400000, 0x000001aee4670000, 0x000001aee49a0000]
 total_blobs=1530 nmethods=979 adapters=464
 compilation: enabled
              stopped_count=0, restarted_count=0
 full_count=0

Compilation events (20 events):
Event: 5.623 Thread 0x000001aef8d80a00 nmethod 969 0x000001aedd057e90 code [0x000001aedd058080, 0x000001aedd0584b8]
Event: 5.630 Thread 0x000001aef8d80a00  970       3       java.lang.invoke.MethodHandles$Lookup::checkSymbolicClass (25 bytes)
Event: 5.630 Thread 0x000001aef8d80a00 nmethod 970 0x000001aedd058690 code [0x000001aedd058860, 0x000001aedd058ac8]
Event: 5.630 Thread 0x000001aef8d80a00  971       3       jdk.internal.org.objectweb.asm.MethodWriter::visitLabel (328 bytes)
Event: 5.630 Thread 0x000001aef8d80a00 nmethod 971 0x000001aedd058c10 code [0x000001aedd058e80, 0x000001aedd059ca8]
Event: 5.631 Thread 0x000001aef8d672c0  972       4       java.lang.StringLatin1::newString (24 bytes)
Event: 6.055 Thread 0x000001aef8d80a00  973       1       com.sun.javafx.tk.quantum.QuantumToolkit$PulseTask::get (5 bytes)
Event: 6.055 Thread 0x000001aef8d80a00 nmethod 973 0x000001aee49f9010 code [0x000001aee49f91a0, 0x000001aee49f9278]
Event: 6.634 Thread 0x000001aef8d80a00  974       3       java.lang.StringLatin1::canEncode (13 bytes)
Event: 6.635 Thread 0x000001aef8d672c0 nmethod 972 0x000001aee49f9310 code [0x000001aee49f94a0, 0x000001aee49f9938]
Event: 6.635 Thread 0x000001aef8d80a00 nmethod 974 0x000001aedd059f10 code [0x000001aedd05a0a0, 0x000001aedd05a1f8]
Event: 6.635 Thread 0x000001aef8d80a00  975       3       java.util.HashMap::put (13 bytes)
Event: 6.635 Thread 0x000001aef8d80a00 nmethod 975 0x000001aedd05a290 code [0x000001aedd05a440, 0x000001aedd05a738]
Event: 6.638 Thread 0x000001aef8d80a00  976       3       java.lang.Enum::equals (11 bytes)
Event: 6.638 Thread 0x000001aef8d80a00 nmethod 976 0x000001aedd05a890 code [0x000001aedd05aa20, 0x000001aedd05ab98]
Event: 6.638 Thread 0x000001aef8d80a00  977       3       java.lang.invoke.DirectMethodHandle::preparedLambdaForm (244 bytes)
Event: 6.640 Thread 0x000001aef8d80a00 nmethod 977 0x000001aedd05ac10 code [0x000001aedd05af00, 0x000001aedd05beb8]
Event: 7.415 Thread 0x000001aef8d80a00  978       3       java.util.concurrent.atomic.AtomicBoolean::get (13 bytes)
Event: 7.641 Thread 0x000001aef8d80a00 nmethod 978 0x000001aedd05c490 code [0x000001aedd05c620, 0x000001aedd05c798]
Event: 7.646 Thread 0x000001aef8d80a00  979       3       java.util.Properties::loadConvert (540 bytes)

GC Heap History (2 events):
Event: 5.596 GC heap before
{Heap before GC invocations=0 (full 0):
 garbage-first heap   total 260096K, used 20480K [0x0000000703600000, 0x0000000800000000)
  region size 2048K, 11 young (22528K), 0 survivors (0K)
 Metaspace       used 5046K, committed 5184K, reserved 1056768K
  class space    used 597K, committed 640K, reserved 1048576K
}
Event: 5.598 GC heap after
{Heap after GC invocations=1 (full 0):
 garbage-first heap   total 260096K, used 3039K [0x0000000703600000, 0x0000000800000000)
  region size 2048K, 2 young (4096K), 2 survivors (4096K)
 Metaspace       used 5046K, committed 5184K, reserved 1056768K
  class space    used 597K, committed 640K, reserved 1048576K
}

Deoptimization events (20 events):
Event: 0.384 Thread 0x000001aefab208a0 Uncommon trap: trap_request=0xffffff45 fr.pc=0x000001aee49d8864 relative=0x00000000000002a4
Event: 0.384 Thread 0x000001aefab208a0 Uncommon trap: reason=unstable_if action=reinterpret pc=0x000001aee49d8864 method=java.lang.invoke.VarHandle.checkExactAccessMode(Ljava/lang/invoke/VarHandle$AccessDescriptor;)V @ 4 c2
Event: 0.384 Thread 0x000001aefab208a0 DEOPT PACKING pc=0x000001aee49d8864 sp=0x00000079b09fead0
Event: 0.384 Thread 0x000001aefab208a0 DEOPT UNPACKING pc=0x000001aee4455ba3 sp=0x00000079b09fea40 mode 2
Event: 0.385 Thread 0x000001aef9f1dd40 Uncommon trap: trap_request=0xffffff45 fr.pc=0x000001aee49dbcac relative=0x000000000000018c
Event: 0.385 Thread 0x000001aef9f1dd40 Uncommon trap: reason=unstable_if action=reinterpret pc=0x000001aee49dbcac method=java.lang.invoke.VarHandle.checkExactAccessMode(Ljava/lang/invoke/VarHandle$AccessDescriptor;)V @ 4 c2
Event: 0.385 Thread 0x000001aef9f1dd40 DEOPT PACKING pc=0x000001aee49dbcac sp=0x00000079b07ff400
Event: 0.385 Thread 0x000001aef9f1dd40 DEOPT UNPACKING pc=0x000001aee4455ba3 sp=0x00000079b07ff3e0 mode 2
Event: 5.549 Thread 0x000001aefab208a0 Uncommon trap: trap_request=0xffffff45 fr.pc=0x000001aee49d82f4 relative=0x0000000000000074
Event: 5.549 Thread 0x000001aefab208a0 Uncommon trap: reason=unstable_if action=reinterpret pc=0x000001aee49d82f4 method=jdk.internal.misc.Unsafe.convEndian(ZI)I @ 4 c2
Event: 5.549 Thread 0x000001aefab208a0 DEOPT PACKING pc=0x000001aee49d82f4 sp=0x00000079b09fd790
Event: 5.549 Thread 0x000001aefab208a0 DEOPT UNPACKING pc=0x000001aee4455ba3 sp=0x00000079b09fd6c0 mode 2
Event: 5.600 Thread 0x000001aefab208a0 Uncommon trap: trap_request=0xffffff45 fr.pc=0x000001aee49c1178 relative=0x00000000000000d8
Event: 5.600 Thread 0x000001aefab208a0 Uncommon trap: reason=unstable_if action=reinterpret pc=0x000001aee49c1178 method=java.util.HashMap.hash(Ljava/lang/Object;)I @ 1 c2
Event: 5.600 Thread 0x000001aefab208a0 DEOPT PACKING pc=0x000001aee49c1178 sp=0x00000079b09fd9b0
Event: 5.600 Thread 0x000001aefab208a0 DEOPT UNPACKING pc=0x000001aee4455ba3 sp=0x00000079b09fd8f0 mode 2
Event: 6.634 Thread 0x000001aefab208a0 Uncommon trap: trap_request=0xffffff45 fr.pc=0x000001aee49b4538 relative=0x0000000000000038
Event: 6.634 Thread 0x000001aefab208a0 Uncommon trap: reason=unstable_if action=reinterpret pc=0x000001aee49b4538 method=java.lang.StringLatin1.canEncode(I)Z @ 4 c2
Event: 6.634 Thread 0x000001aefab208a0 DEOPT PACKING pc=0x000001aee49b4538 sp=0x00000079b09fc1b0
Event: 6.634 Thread 0x000001aefab208a0 DEOPT UNPACKING pc=0x000001aee4455ba3 sp=0x00000079b09fc140 mode 2

Classes unloaded (0 events):
No events

Classes redefined (0 events):
No events

Internal exceptions (20 events):
Event: 0.055 Thread 0x000001aed3c962f0 Exception <a 'java/lang/NoSuchMethodError'{0x00000007133dbf40}: 'void java.lang.invoke.DirectMethodHandle$Holder.invokeVirtual(java.lang.Object, java.lang.Object)'> (0x00000007133dbf40) 
thrown [s\open\src\hotspot\share\interpreter\linkResolver.cpp, line 759]
Event: 0.080 Thread 0x000001aed3c962f0 Exception <a 'java/lang/NoSuchMethodError'{0x0000000712f70658}: 'void java.lang.invoke.DirectMethodHandle$Holder.invokeSpecial(java.lang.Object, java.lang.Object, java.lang.Object)'> (0x0000000712f70658) 
thrown [s\open\src\hotspot\share\interpreter\linkResolver.cpp, line 759]
Event: 0.085 Thread 0x000001aed3c962f0 Exception <a 'java/lang/NoSuchMethodError'{0x0000000712cb7bf8}: 'void java.lang.invoke.DirectMethodHandle$Holder.invokeSpecial(java.lang.Object, java.lang.Object, java.lang.Object, java.lang.Object, java.lang.Object)'> (0x0000000712cb7bf8) 
thrown [s\open\src\hotspot\share\interpreter\linkResolver.cpp, line 759]
Event: 0.087 Thread 0x000001aed3c962f0 Exception <a 'java/lang/NoSuchMethodError'{0x0000000712ccc838}: 'java.lang.Object java.lang.invoke.DirectMethodHandle$Holder.invokeInterface(java.lang.Object, java.lang.Object)'> (0x0000000712ccc838) 
thrown [s\open\src\hotspot\share\interpreter\linkResolver.cpp, line 759]
Event: 0.087 Thread 0x000001aed3c962f0 Exception <a 'java/lang/IncompatibleClassChangeError'{0x0000000712ccfeb0}: Found class java.lang.Object, but interface was expected> (0x0000000712ccfeb0) 
thrown [s\open\src\hotspot\share\interpreter\linkResolver.cpp, line 826]
Event: 0.088 Thread 0x000001aed3c962f0 Exception <a 'java/lang/NoSuchMethodError'{0x0000000712cd2c78}: 'void java.lang.invoke.DirectMethodHandle$Holder.invokeStatic(java.lang.Object, java.lang.Object, java.lang.Object, java.lang.Object)'> (0x0000000712cd2c78) 
thrown [s\open\src\hotspot\share\interpreter\linkResolver.cpp, line 759]
Event: 0.107 Thread 0x000001aef9ef29a0 Exception <a 'java/lang/NoSuchMethodError'{0x0000000712dc7418}: 'java.lang.Object java.lang.invoke.DirectMethodHandle$Holder.invokeStaticInit(java.lang.Object)'> (0x0000000712dc7418) 
thrown [s\open\src\hotspot\share\interpreter\linkResolver.cpp, line 759]
Event: 0.110 Thread 0x000001aef9ef29a0 Exception <a 'java/lang/ClassNotFoundException'{0x0000000712dd25d8}: jdk/net/ExtendedSocketOptions> (0x0000000712dd25d8) 
thrown [s\open\src\hotspot\share\classfile\systemDictionary.cpp, line 256]
Event: 0.111 Thread 0x000001aef9ef29a0 Exception <a 'java/lang/NoSuchMethodError'{0x0000000712dd3e70}: 'void java.lang.invoke.DirectMethodHandle$Holder.invokeStatic(java.lang.Object, java.lang.Object)'> (0x0000000712dd3e70) 
thrown [s\open\src\hotspot\share\interpreter\linkResolver.cpp, line 759]
Event: 0.307 Thread 0x000001aed3c962f0 Exception <a 'java/lang/NoSuchMethodError'{0x000000071246b058}: 'void java.lang.invoke.DirectMethodHandle$Holder.invokeStatic(java.lang.Object, java.lang.Object, java.lang.Object)'> (0x000000071246b058) 
thrown [s\open\src\hotspot\share\interpreter\linkResolver.cpp, line 759]
Event: 0.364 Thread 0x000001aed3c962f0 Exception <a 'java/lang/NoSuchMethodError'{0x00000007124f9c78}: 'int java.lang.invoke.DirectMethodHandle$Holder.invokeStaticInit(java.lang.Object, java.lang.Object, java.lang.Object)'> (0x00000007124f9c78) 
thrown [s\open\src\hotspot\share\interpreter\linkResolver.cpp, line 759]
Event: 0.379 Thread 0x000001aed3c962f0 Exception <a 'java/lang/NoSuchMethodError'{0x00000007125bb518}: 'java.lang.Object java.lang.invoke.DirectMethodHandle$Holder.newInvokeSpecial(java.lang.Object, java.lang.Object, int, java.lang.Object)'> (0x00000007125bb518) 
thrown [s\open\src\hotspot\share\interpreter\linkResolver.cpp, line 759]
Event: 0.379 Thread 0x000001aed3c962f0 Exception <a 'java/lang/NoSuchMethodError'{0x00000007125bf8f8}: 'java.lang.Object java.lang.invoke.DirectMethodHandle$Holder.invokeSpecial(java.lang.Object, java.lang.Object, java.lang.Object, int, java.lang.Object)'> (0x00000007125bf8f8) 
thrown [s\open\src\hotspot\share\interpreter\linkResolver.cpp, line 759]
Event: 5.540 Thread 0x000001aefab208a0 Exception <a 'java/lang/NoSuchMethodError'{0x0000000712073008}: 'void java.lang.invoke.DirectMethodHandle$Holder.invokeStaticInit(java.lang.Object)'> (0x0000000712073008) 
thrown [s\open\src\hotspot\share\interpreter\linkResolver.cpp, line 759]
Event: 5.542 Thread 0x000001aed3c962f0 Exception <a 'java/lang/NoSuchMethodError'{0x00000007125d4e88}: 'java.lang.Object java.lang.invoke.DirectMethodHandle$Holder.newInvokeSpecial(java.lang.Object, java.lang.Object, java.lang.Object, java.lang.Object, java.lang.Object, java.lang.Object)'> (0x00000007125d4e88) 
thrown [s\open\src\hotspot\share\interpreter\linkResolver.cpp, line 759]
Event: 5.562 Thread 0x000001aed3c962f0 Exception <a 'java/lang/NoSuchMethodError'{0x0000000711e1ff40}: 'java.lang.Object java.lang.invoke.DirectMethodHandle$Holder.newInvokeSpecial(java.lang.Object, java.lang.Object, java.lang.Object, java.lang.Object, java.lang.Object)'> (0x0000000711e1ff40) 
thrown [s\open\src\hotspot\share\interpreter\linkResolver.cpp, line 759]
Event: 5.600 Thread 0x000001aefab208a0 Implicit null exception at 0x000001aee49c10d8 to 0x000001aee49c116e
Event: 5.619 Thread 0x000001aefab208a0 Exception <a 'java/lang/NoSuchMethodError'{0x00000007130d7b20}: 'java.lang.Object java.lang.invoke.DirectMethodHandle$Holder.invokeStaticInit(java.lang.Object, java.lang.Object, java.lang.Object, java.lang.Object)'> (0x00000007130d7b20) 
thrown [s\open\src\hotspot\share\interpreter\linkResolver.cpp, line 759]
Event: 5.620 Thread 0x000001aefab208a0 Exception <a 'java/lang/NullPointerException'{0x00000007130e35c0}> (0x00000007130e35c0) 
thrown [s\open\src\hotspot\share\interpreter\linkResolver.cpp, line 1350]
Event: 6.638 Thread 0x000001aefab208a0 Exception <a 'java/lang/ClassNotFoundException'{0x0000000712e163b8}: com/sun/glass/ui/win/themes> (0x0000000712e163b8) 
thrown [s\open\src\hotspot\share\prims\jni.cpp, line 535]

VM Operations (12 events):
Event: 0.086 Executing VM operation: HandshakeAllThreads
Event: 0.086 Executing VM operation: HandshakeAllThreads done
Event: 0.106 Executing VM operation: HandshakeAllThreads
Event: 0.106 Executing VM operation: HandshakeAllThreads done
Event: 0.370 Executing VM operation: HandshakeAllThreads
Event: 0.370 Executing VM operation: HandshakeAllThreads done
Event: 1.385 Executing VM operation: Cleanup
Event: 1.385 Executing VM operation: Cleanup done
Event: 5.596 Executing VM operation: G1CollectForAllocation
Event: 5.598 Executing VM operation: G1CollectForAllocation done
Event: 7.597 Executing VM operation: Cleanup
Event: 7.641 Executing VM operation: Cleanup done

Events (20 events):
Event: 5.560 Thread 0x000001aef9c657b0 Thread added: 0x000001aef9c657b0
Event: 5.561 loading class java/lang/StackTraceElement$HashedModules
Event: 5.561 loading class java/lang/StackTraceElement$HashedModules done
Event: 5.562 Thread 0x000001aef9c73250 Thread added: 0x000001aef9c73250
Event: 5.582 loading class java/util/EventObject
Event: 5.582 loading class java/util/EventObject done
Event: 5.631 loading class java/lang/NoSuchFieldError
Event: 5.631 loading class java/lang/NoSuchFieldError done
Event: 6.637 loading class java/util/ResourceBundle$CacheKey
Event: 6.637 loading class java/util/ResourceBundle$CacheKey done
Event: 6.637 loading class java/util/ResourceBundle$KeyElementReference
Event: 6.637 loading class java/util/ResourceBundle$CacheKeyReference
Event: 6.637 loading class java/util/ResourceBundle$CacheKeyReference done
Event: 6.637 loading class java/util/ResourceBundle$KeyElementReference done
Event: 6.639 loading class java/util/PropertyResourceBundle
Event: 6.639 loading class java/util/PropertyResourceBundle done
Event: 6.639 loading class sun/util/PropertyResourceBundleCharset
Event: 7.640 loading class sun/util/PropertyResourceBundleCharset done
Event: 7.641 loading class sun/util/PropertyResourceBundleCharset$PropertiesFileDecoder
Event: 7.641 loading class sun/util/PropertyResourceBundleCharset$PropertiesFileDecoder done


Dynamic libraries:
0x00007ff622de0000 - 0x00007ff622df0000 	C:\Program Files\Java\jdk-17\bin\java.exe
0x00007ffe05080000 - 0x00007ffe052e3000 	C:\WINDOWS\SYSTEM32\ntdll.dll
0x00007ffe03bf0000 - 0x00007ffe03cb8000 	C:\WINDOWS\System32\KERNEL32.DLL
0x00007ffe02a70000 - 0x00007ffe02e22000 	C:\WINDOWS\System32\KERNELBASE.dll
0x00007ffe02450000 - 0x00007ffe0259b000 	C:\WINDOWS\System32\ucrtbase.dll
0x00007ffdeb070000 - 0x00007ffdeb088000 	C:\Program Files\Java\jdk-17\bin\jli.dll
0x00007ffddb9a0000 - 0x00007ffddb9bb000 	C:\Program Files\Java\jdk-17\bin\VCRUNTIME140.dll
0x00007ffe03dd0000 - 0x00007ffe03e84000 	C:\WINDOWS\System32\ADVAPI32.dll
0x00007ffe04f80000 - 0x00007ffe05029000 	C:\WINDOWS\System32\msvcrt.dll
0x00007ffe02f00000 - 0x00007ffe02fa6000 	C:\WINDOWS\System32\sechost.dll
0x00007ffe04240000 - 0x00007ffe04356000 	C:\WINDOWS\System32\RPCRT4.dll
0x00007ffe03510000 - 0x00007ffe036d8000 	C:\WINDOWS\System32\USER32.dll
0x00007ffdcd630000 - 0x00007ffdcd8c0000 	C:\WINDOWS\WinSxS\amd64_microsoft.windows.common-controls_6595b64144ccf1df_6.0.26100.2454_none_3e0b68a2e331ad60\COMCTL32.dll
0x00007ffe02800000 - 0x00007ffe02827000 	C:\WINDOWS\System32\win32u.dll
0x00007ffe03ad0000 - 0x00007ffe03afa000 	C:\WINDOWS\System32\GDI32.dll
0x00007ffe02630000 - 0x00007ffe0275b000 	C:\WINDOWS\System32\gdi32full.dll
0x00007ffe02e30000 - 0x00007ffe02ed3000 	C:\WINDOWS\System32\msvcp_win.dll
0x00007ffdfe610000 - 0x00007ffdfe61b000 	C:\WINDOWS\SYSTEM32\VERSION.dll
0x00007ffe03a90000 - 0x00007ffe03abf000 	C:\WINDOWS\System32\IMM32.DLL
0x00007ffdf7560000 - 0x00007ffdf756c000 	C:\Program Files\Java\jdk-17\bin\vcruntime140_1.dll
0x00007ffdc4400000 - 0x00007ffdc448e000 	C:\Program Files\Java\jdk-17\bin\msvcp140.dll
0x00007ffd96900000 - 0x00007ffd974d7000 	C:\Program Files\Java\jdk-17\bin\server\jvm.dll
0x00007ffe04230000 - 0x00007ffe04238000 	C:\WINDOWS\System32\PSAPI.DLL
0x00007ffdeb740000 - 0x00007ffdeb776000 	C:\WINDOWS\SYSTEM32\WINMM.dll
0x00007ffdd7370000 - 0x00007ffdd737a000 	C:\WINDOWS\SYSTEM32\WSOCK32.dll
0x00007ffe04f00000 - 0x00007ffe04f74000 	C:\WINDOWS\System32\WS2_32.dll
0x00007ffe013a0000 - 0x00007ffe013ba000 	C:\WINDOWS\SYSTEM32\kernel.appcore.dll
0x00007ffdeb0d0000 - 0x00007ffdeb0da000 	C:\Program Files\Java\jdk-17\bin\jimage.dll
0x00007ffdeb7e0000 - 0x00007ffdeba21000 	C:\WINDOWS\SYSTEM32\DBGHELP.DLL
0x00007ffe03ea0000 - 0x00007ffe0421e000 	C:\WINDOWS\System32\combase.dll
0x00007ffe03810000 - 0x00007ffe038e6000 	C:\WINDOWS\System32\OLEAUT32.dll
0x00007ffdf4dc0000 - 0x00007ffdf4df9000 	C:\WINDOWS\SYSTEM32\dbgcore.DLL
0x00007ffe02760000 - 0x00007ffe027f9000 	C:\WINDOWS\System32\bcryptPrimitives.dll
0x00007ffdf83b0000 - 0x00007ffdf83be000 	C:\Program Files\Java\jdk-17\bin\instrument.dll
0x00007ffdd2490000 - 0x00007ffdd24b5000 	C:\Program Files\Java\jdk-17\bin\java.dll
0x00007ffdc2150000 - 0x00007ffdc2227000 	C:\Program Files\Java\jdk-17\bin\jsvml.dll
0x00007ffe047f0000 - 0x00007ffe04ef0000 	C:\WINDOWS\System32\SHELL32.dll
0x00007ffe001c0000 - 0x00007ffe009f1000 	C:\WINDOWS\SYSTEM32\windows.storage.dll
0x00007ffe03960000 - 0x00007ffe03a3a000 	C:\WINDOWS\System32\SHCORE.dll
0x00007ffe03cc0000 - 0x00007ffe03d1d000 	C:\WINDOWS\System32\shlwapi.dll
0x00007ffe02360000 - 0x00007ffe0238e000 	C:\WINDOWS\SYSTEM32\profapi.dll
0x00007ffdd4470000 - 0x00007ffdd4489000 	C:\Program Files\Java\jdk-17\bin\net.dll
0x00007ffdfe050000 - 0x00007ffdfe176000 	C:\WINDOWS\SYSTEM32\WINHTTP.dll
0x00007ffe018a0000 - 0x00007ffe01908000 	C:\WINDOWS\system32\mswsock.dll
0x00007ffdd30e0000 - 0x00007ffdd30f6000 	C:\Program Files\Java\jdk-17\bin\nio.dll
0x00007ffdd1990000 - 0x00007ffdd19a8000 	C:\Program Files\Java\jdk-17\bin\zip.dll
0x00007ffdf7570000 - 0x00007ffdf758a000 	C:\Program Files\JetBrains\IntelliJ IDEA Community Edition 2024.3.1\bin\breakgen64.dll
0x000001aed56e0000 - 0x000001aed56e3000 	C:\Users\ouarg\.openjfx\cache\17.0.6\api-ms-win-core-console-l1-1-0.dll
0x000001aed56f0000 - 0x000001aed56f3000 	C:\Users\ouarg\.openjfx\cache\17.0.6\api-ms-win-core-console-l1-2-0.dll
0x000001aed5700000 - 0x000001aed5703000 	C:\Users\ouarg\.openjfx\cache\17.0.6\api-ms-win-core-datetime-l1-1-0.dll
0x000001aef9240000 - 0x000001aef9243000 	C:\Users\ouarg\.openjfx\cache\17.0.6\api-ms-win-core-debug-l1-1-0.dll
0x000001aef93e0000 - 0x000001aef93e3000 	C:\Users\ouarg\.openjfx\cache\17.0.6\api-ms-win-core-errorhandling-l1-1-0.dll
0x000001aef93f0000 - 0x000001aef93f4000 	C:\Users\ouarg\.openjfx\cache\17.0.6\api-ms-win-core-file-l1-1-0.dll
0x000001aef9250000 - 0x000001aef9253000 	C:\Users\ouarg\.openjfx\cache\17.0.6\api-ms-win-core-file-l1-2-0.dll
0x000001aef9260000 - 0x000001aef9263000 	C:\Users\ouarg\.openjfx\cache\17.0.6\api-ms-win-core-file-l2-1-0.dll
0x000001aef9270000 - 0x000001aef9273000 	C:\Users\ouarg\.openjfx\cache\17.0.6\api-ms-win-core-handle-l1-1-0.dll
0x000001aef9280000 - 0x000001aef9283000 	C:\Users\ouarg\.openjfx\cache\17.0.6\api-ms-win-core-heap-l1-1-0.dll
0x000001aef9290000 - 0x000001aef9293000 	C:\Users\ouarg\.openjfx\cache\17.0.6\api-ms-win-core-interlocked-l1-1-0.dll
0x000001aef92a0000 - 0x000001aef92a3000 	C:\Users\ouarg\.openjfx\cache\17.0.6\api-ms-win-core-libraryloader-l1-1-0.dll
0x000001aef92b0000 - 0x000001aef92b3000 	C:\Users\ouarg\.openjfx\cache\17.0.6\api-ms-win-core-localization-l1-2-0.dll
0x000001aef92c0000 - 0x000001aef92c3000 	C:\Users\ouarg\.openjfx\cache\17.0.6\api-ms-win-core-memory-l1-1-0.dll
0x000001aef92d0000 - 0x000001aef92d3000 	C:\Users\ouarg\.openjfx\cache\17.0.6\api-ms-win-core-namedpipe-l1-1-0.dll
0x000001aef92e0000 - 0x000001aef92e3000 	C:\Users\ouarg\.openjfx\cache\17.0.6\api-ms-win-core-processenvironment-l1-1-0.dll
0x000001aef92f0000 - 0x000001aef92f3000 	C:\Users\ouarg\.openjfx\cache\17.0.6\api-ms-win-core-processthreads-l1-1-0.dll
0x000001aef9300000 - 0x000001aef9303000 	C:\Users\ouarg\.openjfx\cache\17.0.6\api-ms-win-core-processthreads-l1-1-1.dll
0x000001aef9310000 - 0x000001aef9313000 	C:\Users\ouarg\.openjfx\cache\17.0.6\api-ms-win-core-profile-l1-1-0.dll
0x000001aef9320000 - 0x000001aef9323000 	C:\Users\ouarg\.openjfx\cache\17.0.6\api-ms-win-core-rtlsupport-l1-1-0.dll
0x000001aef9330000 - 0x000001aef9333000 	C:\Users\ouarg\.openjfx\cache\17.0.6\api-ms-win-core-string-l1-1-0.dll
0x000001aef9340000 - 0x000001aef9343000 	C:\Users\ouarg\.openjfx\cache\17.0.6\api-ms-win-core-synch-l1-1-0.dll
0x000001aef9350000 - 0x000001aef9353000 	C:\Users\ouarg\.openjfx\cache\17.0.6\api-ms-win-core-synch-l1-2-0.dll
0x000001aef9360000 - 0x000001aef9363000 	C:\Users\ouarg\.openjfx\cache\17.0.6\api-ms-win-core-sysinfo-l1-1-0.dll
0x000001aef9370000 - 0x000001aef9373000 	C:\Users\ouarg\.openjfx\cache\17.0.6\api-ms-win-core-timezone-l1-1-0.dll
0x000001aef9380000 - 0x000001aef9383000 	C:\Users\ouarg\.openjfx\cache\17.0.6\api-ms-win-core-util-l1-1-0.dll
0x000001aef9390000 - 0x000001aef9393000 	C:\Users\ouarg\.openjfx\cache\17.0.6\api-ms-win-crt-conio-l1-1-0.dll
0x000001aef93a0000 - 0x000001aef93a4000 	C:\Users\ouarg\.openjfx\cache\17.0.6\api-ms-win-crt-convert-l1-1-0.dll
0x000001aef93b0000 - 0x000001aef93b3000 	C:\Users\ouarg\.openjfx\cache\17.0.6\api-ms-win-crt-environment-l1-1-0.dll
0x000001aef93c0000 - 0x000001aef93c3000 	C:\Users\ouarg\.openjfx\cache\17.0.6\api-ms-win-crt-filesystem-l1-1-0.dll
0x000001aef93d0000 - 0x000001aef93d3000 	C:\Users\ouarg\.openjfx\cache\17.0.6\api-ms-win-crt-heap-l1-1-0.dll
0x000001aefb3d0000 - 0x000001aefb3d3000 	C:\Users\ouarg\.openjfx\cache\17.0.6\api-ms-win-crt-locale-l1-1-0.dll
0x000001aefb3e0000 - 0x000001aefb3e5000 	C:\Users\ouarg\.openjfx\cache\17.0.6\api-ms-win-crt-math-l1-1-0.dll
0x000001aefb3f0000 - 0x000001aefb3f5000 	C:\Users\ouarg\.openjfx\cache\17.0.6\api-ms-win-crt-multibyte-l1-1-0.dll
0x000001aefb400000 - 0x000001aefb410000 	C:\Users\ouarg\.openjfx\cache\17.0.6\api-ms-win-crt-private-l1-1-0.dll
0x000001aefb410000 - 0x000001aefb413000 	C:\Users\ouarg\.openjfx\cache\17.0.6\api-ms-win-crt-process-l1-1-0.dll
0x000001aefb420000 - 0x000001aefb424000 	C:\Users\ouarg\.openjfx\cache\17.0.6\api-ms-win-crt-runtime-l1-1-0.dll
0x000001aefb430000 - 0x000001aefb434000 	C:\Users\ouarg\.openjfx\cache\17.0.6\api-ms-win-crt-stdio-l1-1-0.dll
0x000001aefb440000 - 0x000001aefb444000 	C:\Users\ouarg\.openjfx\cache\17.0.6\api-ms-win-crt-string-l1-1-0.dll
0x000001aefb450000 - 0x000001aefb453000 	C:\Users\ouarg\.openjfx\cache\17.0.6\api-ms-win-crt-time-l1-1-0.dll
0x000001aefb460000 - 0x000001aefb463000 	C:\Users\ouarg\.openjfx\cache\17.0.6\api-ms-win-crt-utility-l1-1-0.dll
0x00007ffdcd380000 - 0x00007ffdcd47c000 	C:\Users\ouarg\.openjfx\cache\17.0.6\ucrtbase.dll
0x00007ffdf66d0000 - 0x00007ffdf66ea000 	C:\Users\ouarg\.openjfx\cache\17.0.6\vcruntime140.dll
0x00007ffdf83a0000 - 0x00007ffdf83ac000 	C:\Users\ouarg\.openjfx\cache\17.0.6\vcruntime140_1.dll
0x00007ffdd3a00000 - 0x00007ffdd3a8d000 	C:\Users\ouarg\.openjfx\cache\17.0.6\msvcp140.dll
0x00007ffdf7f50000 - 0x00007ffdf7f59000 	C:\Users\ouarg\.openjfx\cache\17.0.6\msvcp140_1.dll
0x00007ffdef030000 - 0x00007ffdef05f000 	C:\Users\ouarg\.openjfx\cache\17.0.6\msvcp140_2.dll
0x00007ffdeb6e0000 - 0x00007ffdeb70a000 	C:\Users\ouarg\.openjfx\cache\17.0.6\prism_d3d.dll
0x00007ffdcd1d0000 - 0x00007ffdcd376000 	C:\WINDOWS\system32\d3d9.dll
0x00007ffdffa80000 - 0x00007ffdffaae000 	C:\WINDOWS\SYSTEM32\dwmapi.dll
0x00007ffdffb30000 - 0x00007ffdffb77000 	C:\WINDOWS\SYSTEM32\dxcore.dll
0x00007ffdff720000 - 0x00007ffdff7cd000 	C:\WINDOWS\system32\uxtheme.dll
0x00007ffdc60f0000 - 0x00007ffdc6292000 	C:\WINDOWS\System32\DriverStore\FileRepository\iigd_dch.inf_amd64_4ae66f8a827f1834\igdumdim64.dll
0x00007ffe03040000 - 0x00007ffe031d9000 	C:\WINDOWS\System32\ole32.dll
0x00007ffd8c0f0000 - 0x00007ffd8fd00000 	C:\WINDOWS\System32\DriverStore\FileRepository\iigd_dch.inf_amd64_4ae66f8a827f1834\igd9dxva64.dll
0x00007ffe04360000 - 0x00007ffe047e6000 	C:\WINDOWS\System32\SETUPAPI.dll
0x00007ffe02070000 - 0x00007ffe020cf000 	C:\WINDOWS\SYSTEM32\cfgmgr32.dll
0x00007ffdf2780000 - 0x00007ffdf2b47000 	C:\WINDOWS\System32\DriverStore\FileRepository\iigd_dch.inf_amd64_4ae66f8a827f1834\igdgmm64.dll
0x00007ffdff890000 - 0x00007ffdff8ec000 	C:\WINDOWS\SYSTEM32\directxdatabasehelper.dll
0x00007ffddd0a0000 - 0x00007ffddd0e2000 	C:\Users\ouarg\.openjfx\cache\17.0.6\glass.dll
0x00007ffe03b00000 - 0x00007ffe03bed000 	C:\WINDOWS\System32\COMDLG32.dll
0x00007ffe031e0000 - 0x00007ffe0333c000 	C:\WINDOWS\System32\MSCTF.dll
0x00007ffdfaa20000 - 0x00007ffdfaa47000 	C:\WINDOWS\System32\DriverStore\FileRepository\iigd_dch.inf_amd64_4ae66f8a827f1834\igdinfo64.dll
0x00007ffdef0b0000 - 0x00007ffdf2662000 	C:\WINDOWS\System32\DriverStore\FileRepository\iigd_dch.inf_amd64_4ae66f8a827f1834\igc64.dll

dbghelp: loaded successfully - version: 4.0.5 - missing functions: none
symbol engine: initialized successfully - sym options: 0x614 - pdb path: .;C:\Program Files\Java\jdk-17\bin;C:\WINDOWS\SYSTEM32;C:\WINDOWS\WinSxS\amd64_microsoft.windows.common-controls_6595b64144ccf1df_6.0.26100.2454_none_3e0b68a2e331ad60;C:\Program Files\Java\jdk-17\bin\server;C:\Program Files\JetBrains\IntelliJ IDEA Community Edition 2024.3.1\bin;C:\Users\ouarg\.openjfx\cache\17.0.6;C:\WINDOWS\System32\DriverStore\FileRepository\iigd_dch.inf_amd64_4ae66f8a827f1834

VM Arguments:
jvm_args: -javaagent:C:\Program Files\JetBrains\IntelliJ IDEA Community Edition 2024.3.1\lib\idea_rt.jar=51661:C:\Program Files\JetBrains\IntelliJ IDEA Community Edition 2024.3.1\bin -Dfile.encoding=UTF-8 --module-path=C:\Users\ouarg\.m2\repository\net\java\dev\jna\jna\5.3.1\jna-5.3.1.jar;C:\Users\ouarg\Downloads\packet_inspection\pkt_inspection\target\classes;C:\Users\ouarg\.m2\repository\org\slf4j\slf4j-api\1.7.26\slf4j-api-1.7.26.jar;C:\Users\ouarg\.m2\repository\org\openjfx\javafx-base\17.0.6\javafx-base-17.0.6-win.jar;C:\Users\ouarg\.m2\repository\org\pcap4j\pcap4j-core\1.8.2\pcap4j-core-1.8.2.jar;C:\Users\ouarg\.m2\repository\org\openjfx\javafx-graphics\17.0.6\javafx-graphics-17.0.6-win.jar;C:\Users\ouarg\.m2\repository\org\pcap4j\pcap4j-packetfactory-static\1.8.2\pcap4j-packetfactory-static-1.8.2.jar;C:\Users\ouarg\.m2\repository\org\openjfx\javafx-controls\17.0.6\javafx-controls-17.0.6-win.jar -Djdk.module.main=com.example.pkt_inspection 
java_command: com.example.pkt_inspection/com.example.pkt_inspection.NetworkMonitorApp
java_class_path (initial): C:\Users\ouarg\.m2\repository\org\openjfx\javafx-controls\17.0.6\javafx-controls-17.0.6.jar;C:\Users\ouarg\.m2\repository\org\openjfx\javafx-graphics\17.0.6\javafx-graphics-17.0.6.jar;C:\Users\ouarg\.m2\repository\org\openjfx\javafx-base\17.0.6\javafx-base-17.0.6.jar;C:\Users\ouarg\.m2\repository\org\openjfx\javafx-fxml\17.0.6\javafx-fxml-17.0.6.jar;C:\Users\ouarg\.m2\repository\org\openjfx\javafx-fxml\17.0.6\javafx-fxml-17.0.6-win.jar;C:\Users\ouarg\.m2\repository\org\slf4j\jcl-over-slf4j\2.0.6\jcl-over-slf4j-2.0.6.jar;C:\Users\ouarg\.m2\repository\org\slf4j\slf4j-api\2.0.6\slf4j-api-2.0.6.jar
Launcher Type: SUN_STANDARD

[Global flags]
     intx CICompilerCount                          = 4                                         {product} {ergonomic}
     uint ConcGCThreads                            = 3                                         {product} {ergonomic}
     uint G1ConcRefinementThreads                  = 10                                        {product} {ergonomic}
   size_t G1HeapRegionSize                         = 2097152                                   {product} {ergonomic}
    uintx GCDrainStackTargetSize                   = 64                                        {product} {ergonomic}
   size_t InitialHeapSize                          = 266338304                                 {product} {ergonomic}
   size_t MarkStackSize                            = 4194304                                   {product} {ergonomic}
   size_t MaxHeapSize                              = 4238344192                                {product} {ergonomic}
   size_t MaxNewSize                               = 2541748224                                {product} {ergonomic}
   size_t MinHeapDeltaBytes                        = 2097152                                   {product} {ergonomic}
   size_t MinHeapSize                              = 8388608                                   {product} {ergonomic}
    uintx NonNMethodCodeHeapSize                   = 5839372                                {pd product} {ergonomic}
    uintx NonProfiledCodeHeapSize                  = 122909434                              {pd product} {ergonomic}
    uintx ProfiledCodeHeapSize                     = 122909434                              {pd product} {ergonomic}
    uintx ReservedCodeCacheSize                    = 251658240                              {pd product} {ergonomic}
     bool SegmentedCodeCache                       = true                                      {product} {ergonomic}
   size_t SoftMaxHeapSize                          = 4238344192                             {manageable} {ergonomic}
     bool UseCompressedClassPointers               = true                           {product lp64_product} {ergonomic}
     bool UseCompressedOops                        = true                           {product lp64_product} {ergonomic}
     bool UseG1GC                                  = true                                      {product} {ergonomic}
     bool UseLargePagesIndividualAllocation        = false                                  {pd product} {ergonomic}

Logging:
Log output configuration:
 #0: stdout all=warning uptime,level,tags
 #1: stderr all=off uptime,level,tags

Environment Variables:
JAVA_HOME=C:\Program Files\Java\jdk1.8.0_66
PATH=C:\Program Files\Common Files\Oracle\Java\javapath;C:\Program Files (x86)\Common Files\Oracle\Java\javapath;C:\ProgramData\Oracle\Java\javapath;C:\app\ouarg\product\21c\dbhomeXE\bin;C:\Windows\system32;C:\Windows;C:\Windows\System32\Wbem;C:\Windows\System32\WindowsPowerShell\v1.0\;C:\Windows\System32\OpenSSH\;C:\Program Files\Git\cmd;C:\Program Files\dotnet\;C:\Program Files\nodejs\;C:\MinGW\bin;C:\Program Files\gnuplot\bin;C:\Users\ouarg\AppData\Local\Programs\Python\Python310\Scripts\;C:\Users\ouarg\AppData\Local\Programs\Python\Python310\;C:\Users\ouarg\AppData\Local\Microsoft\WindowsApps;C:\Program Files\JetBrains\IntelliJ IDEA 2021.3\bin;C:\Users\ouarg\AppData\Local\Programs\Microsoft VS Code\bin;C:\Dart\dart-sdk\bin;C:\src\flutter\bin;C:\Users\ouarg\AppData\Roaming\npm;C:\Users\ouarg\AppData\Local\GitHubDesktop\bin;C:\Users\ouarg\AppData\Local\Programs\MiKTeX\miktex\bin\x64\;C:\Users\ouarg\AppData\Local\Programs\MiKTeX\miktex\bin;C:\adb;;%SystemRoot%\system32;%SystemRoot%;%SystemRoot%\System32\Wbem;%SYSTEMROOT%\System32\WindowsPowerShell\v1.0\;%SYSTEMROOT%\System32\OpenSSH\;C:\Users\ouarg\AppData\Local\Programs\Python\Python310\Scripts\;C:\Users\ouarg\AppData\Local\Programs\Python\Python310\;C:\Users\ouarg\AppData\Local\Microsoft\WindowsApps;C:\Program Files\JetBrains\IntelliJ IDEA 2021.3\bin;;C:\Users\ouarg\AppData\Local\Programs\Microsoft VS Code\bin;C:\Dart\dart-sdk\bin;C:\src\flutter\bin;C:\Users\ouarg\AppData\Roaming\npm;C:\Users\ouarg\AppData\Local\GitHubDesktop\bin;C:\Users\ouarg\AppData\Local\Programs\MiKTeX\miktex\bin\x64\;C:\Users\ouarg\AppData\Local\Programs\MiKTeX\miktex\bin;C:\MinGW\bin;;C:\Program Files\JetBrains\IntelliJ IDEA Community Edition 2024.3.1\bin;;C:\Users\ouarg\AppData\Local\Programs\Windsurf\bin
USERNAME=ouarg
OS=Windows_NT
PROCESSOR_IDENTIFIER=Intel64 Family 6 Model 141 Stepping 1, GenuineIntel



---------------  S Y S T E M  ---------------

OS:
 Windows 11 , 64 bit Build 26100 (10.0.26100.2454)
OS uptime: 0 days 7:24 hours

CPU: total 12 (initial active 12) (6 cores per cpu, 2 threads per core) family 6 model 141 stepping 1 microcode 0x2c, cx8, cmov, fxsr, ht, mmx, 3dnowpref, sse, sse2, sse3, ssse3, sse4.1, sse4.2, popcnt, lzcnt, tsc, tscinvbit, avx, avx2, aes, erms, clmul, bmi1, bmi2, adx, avx512f, avx512dq, avx512cd, avx512bw, avx512vl, sha, fma, vzeroupper, avx512_vpopcntdq, avx512_vpclmulqdq, avx512_vaes, avx512_vnni, clflush, clflushopt, clwb, avx512_vbmi2, avx512_vbmi

Memory: 4k page, system-wide physical 16163M (2604M free)
TotalPageFile size 16163M (AvailPageFile size 2M)
current process WorkingSet (physical memory assigned to process): 106M, peak: 106M
current process commit charge ("private bytes"): 390M, peak: 391M

vm_info: Java HotSpot(TM) 64-Bit Server VM (17.0.6+9-LTS-190) for windows-amd64 JRE (17.0.6+9-LTS-190), built on Dec  6 2022 15:53:54 by "mach5one" with MS VC++ 17.1 (VS2022)

END.
